#
# A fatal error has been detected by the Java Runtime Environment:
#
#  EXCEPTION_ACCESS_VIOLATION (0xc0000005) at pc=0x00007fff04a4b7d2, pid=8968, tid=7264
#
# JRE version: Java(TM) SE Runtime Environment (13.0.1+9) (build 13.0.1+9)
# Java VM: Java HotSpot(TM) 64-Bit Server VM (13.0.1+9, mixed mode, sharing, tiered, compressed oops, parallel gc, windows-amd64)
# Problematic frame:
# V  [jvm.dll+0x66b7d2]
#
# No core dump will be written. Minidumps are not enabled by default on client versions of Windows
#
# If you would like to submit a bug report, please visit:
#   http://bugreport.java.com/bugreport/crash.jsp
#

---------------  S U M M A R Y ------------

Command Line: --add-modules=ALL-SYSTEM --add-opens=java.base/java.util=ALL-UNNAMED --add-opens=java.base/java.lang=ALL-UNNAMED -Declipse.application=org.eclipse.jdt.ls.core.id1 -Dosgi.bundles.defaultStartLevel=4 -Declipse.product=org.eclipse.jdt.ls.core.product -Dfile.encoding=utf8 -DwatchParentProcess=false -XX:+UseParallelGC -XX:GCTimeRatio=4 -XX:AdaptiveSizePolicyWeight=90 -Dsun.zip.disableMemoryMapping=true -Xmx1G -Xms100m c:\Users\Admin\.vscode\extensions\redhat.java-0.79.1\server\plugins\org.eclipse.equinox.launcher_1.6.100.v20201223-0822.jar -configuration c:\Users\Admin\AppData\Roaming\Code\User\globalStorage\redhat.java\0.79.1\config_win -data c:\Users\Admin\AppData\Roaming\Code\User\workspaceStorage\c3e96b8b3617a5b3110e6d2a1b780721\redhat.java\jdt_ws

Host: Intel(R) Core(TM) i3-2330M CPU @ 2.20GHz, 4 cores, 3G,  Windows 10 , 64 bit Build 18362 (10.0.18362.1350)
Time: Mon May 17 18:01:37 2021 India Standard Time elapsed time: 37954 seconds (0d 10h 32m 34s)

---------------  T H R E A D  ---------------

Current thread (0x0000018567b45800):  GCTaskThread "ParGC Thread#0" [stack: 0x000000215da00000,0x000000215db00000] [id=7264]

Stack: [0x000000215da00000,0x000000215db00000],  sp=0x000000215daff9d0,  free space=1022k
Native frames: (J=compiled Java code, j=interpreted, Vv=VM code, C=native code)
V  [jvm.dll+0x66b7d2]
V  [jvm.dll+0x66b692]
V  [jvm.dll+0x66f840]
V  [jvm.dll+0x32352a]
V  [jvm.dll+0x731c0a]
V  [jvm.dll+0x6260c6]
C  [ucrtbase.dll+0x210b2]
C  [KERNEL32.DLL+0x17c24]
C  [ntdll.dll+0x6d721]


siginfo: EXCEPTION_ACCESS_VIOLATION (0xc0000005), reading address 0x0000000000000000


Register to memory mapping:

RIP=0x00007fff04a4b7d2 jvm.dll
RAX=0x0 is NULL
RBX=0x000001857fbae680 points into unknown readable memory: 58 fa ca 04 ff 7f 00 00
RCX=0x0000000000000007 is an unknown value
RDX=0x0 is NULL
RSP=0x000000215daff9d0 points into unknown readable memory: 00 00 00 00 00 00 00 00
RBP=0x0 is NULL
RSI=0x00000000ed359078 points into unknown readable memory: 00 00 00 00 00 00 00 00
RDI=0x0000000000000009 is an unknown value
R8 =0x00000000ff410000 is an unallocated location in the heap
R9 =0x1fffffffffffffff is an unknown value
R10=0x0 is NULL
R11=0x0000000000000010 is an unknown value
R12=0x00007fff04cb0098 jvm.dll
R13=0x0000018567b3b400 points into unknown readable memory: 00 00 00 00 00 00 00 00
R14=0x000001857fbae680 points into unknown readable memory: 58 fa ca 04 ff 7f 00 00
R15=0x0 is NULL


Registers:
RAX=0x0000000000000000, RBX=0x000001857fbae680, RCX=0x0000000000000007, RDX=0x0000000000000000
RSP=0x000000215daff9d0, RBP=0x0000000000000000, RSI=0x00000000ed359078, RDI=0x0000000000000009
R8 =0x00000000ff410000, R9 =0x1fffffffffffffff, R10=0x0000000000000000, R11=0x0000000000000010
R12=0x00007fff04cb0098, R13=0x0000018567b3b400, R14=0x000001857fbae680, R15=0x0000000000000000
RIP=0x00007fff04a4b7d2, EFLAGS=0x0000000000010246

Top of Stack: (sp=0x000000215daff9d0)
0x000000215daff9d0:   0000000000000000 00007fff04cb0001
0x000000215daff9e0:   0000683f00006a94 00007fff04a4c5e8
0x000000215daff9f0:   00000000ec4af36c 0000000000000031
0x000000215daffa00:   000000215daffa60 00007fff04620c1f
0x000000215daffa10:   0000683f00006a94 0000018567b2dd40
0x000000215daffa20:   0000018567b2dd40 0000683e00006a94
0x000000215daffa30:   00004d110000b2e5 000061ac00008d11
0x000000215daffa40:   0000000000000000 0000018567b45800
0x000000215daffa50:   0000018567b3b490 00007fff04cb0098
0x000000215daffa60:   00000000ec0ab590 00007fff04a4b692
0x000000215daffa70:   000001857fbae680 00007fff04cb0098
0x000000215daffa80:   0000000000000000 0000018507e0c510
0x000000215daffa90:   0000000000000000 00007fff04a4f840
0x000000215daffaa0:   000001857fbae680 000001857fbae680
0x000000215daffab0:   0000018507e0c510 00000000ec4af36d
0x000000215daffac0:   0000018507e0c510 00007fff0470352a 

Instructions: (pc=0x00007fff04a4b7d2)
0x00007fff04a4b6d2:   05 71 05 43 00 48 c1 ef 09 48 8b 48 48 c6 04 0f
0x00007fff04a4b6e2:   11 48 8b 5c 24 30 48 83 c4 20 5f c3 cc cc 48 89
0x00007fff04a4b6f2:   5c 24 08 57 48 83 ec 20 48 8b fa 48 8b 12 48 8b
0x00007fff04a4b702:   02 24 03 3c 03 75 1f 48 8b 1a 80 3d 47 1d 39 00
0x00007fff04a4b712:   00 74 0d 0f b6 c3 24 07 3c 05 75 04 33 db eb 0e
0x00007fff04a4b722:   48 83 e3 fc eb 08 e8 53 00 00 00 48 8b d8 48 89
0x00007fff04a4b732:   1f 48 3b 3d 1e 05 43 00 73 30 e8 1f 15 a5 ff 48
0x00007fff04a4b742:   8b c8 48 8b d7 e8 94 c0 fc ff 84 c0 74 1c 48 3b
0x00007fff04a4b752:   1d 01 05 43 00 72 13 48 8b 05 e8 04 43 00 48 c1
0x00007fff04a4b762:   ef 09 48 8b 48 48 c6 04 0f 11 48 8b 5c 24 30 48
0x00007fff04a4b772:   83 c4 20 5f c3 cc cc cc cc cc cc cc cc cc 48 89
0x00007fff04a4b782:   5c 24 08 48 89 6c 24 18 48 89 74 24 20 57 41 54
0x00007fff04a4b792:   41 55 41 56 41 57 48 83 ec 70 4c 8b 3a 48 8b f2
0x00007fff04a4b7a2:   41 0f b6 c7 4c 8b f1 24 03 3c 03 0f 84 e9 05 00
0x00007fff04a4b7b2:   00 48 8b ca 45 32 ed e8 d2 99 b2 ff 48 63 f8 41
0x00007fff04a4b7c2:   0f b6 c7 f6 d0 a8 01 74 0c 49 8b c7 48 83 e0 fd
0x00007fff04a4b7d2:   48 8b 28 eb 03 49 8b ef 48 c1 ed 03 83 e5 0f 3b
0x00007fff04a4b7e2:   2d 69 04 43 00 0f 83 44 01 00 00 48 8b d7 49 8b
0x00007fff04a4b7f2:   ce e8 58 06 00 00 48 8b d8 48 85 c0 0f 85 0b 01
0x00007fff04a4b802:   00 00 41 38 46 58 0f 85 23 01 00 00 48 8b 05 b3
0x00007fff04a4b812:   24 39 00 48 d1 e8 48 3b f8 76 73 48 8b 0d 04 04
0x00007fff04a4b822:   43 00 48 8b d7 48 8b 01 ff 90 e0 00 00 00 48 8b
0x00007fff04a4b832:   d8 48 85 c0 0f 84 f5 00 00 00 48 8d 0d fd b6 3a
0x00007fff04a4b842:   00 e8 08 89 cb ff 84 c0 0f 84 ba 00 00 00 80 3d
0x00007fff04a4b852:   6a 64 41 00 00 4c 8d 04 fd 00 00 00 00 74 15 8b
0x00007fff04a4b862:   56 08 8b 0d 76 06 39 00 48 d3 e2 48 03 15 64 06
0x00007fff04a4b872:   39 00 eb 04 48 8b 56 08 44 8b cd c6 44 24 20 00
0x00007fff04a4b882:   48 8d 0d b7 b6 3a 00 e8 42 88 cb ff eb 7a 49 8b
0x00007fff04a4b892:   06 49 8b ce ff 10 48 8b 0d 89 03 43 00 48 8b 15
0x00007fff04a4b8a2:   22 24 39 00 48 8b 01 ff 90 e0 00 00 00 48 85 c0
0x00007fff04a4b8b2:   74 78 48 89 44 24 40 48 8d 54 24 50 48 8b 05 03
0x00007fff04a4b8c2:   24 39 00 49 8b ce 48 89 44 24 48 0f 28 44 24 40 


Stack slot to memory mapping:
stack at sp + 0 slots: 0x0 is NULL
stack at sp + 1 slots: 0x00007fff04cb0001 jvm.dll
stack at sp + 2 slots: 0x0000683f00006a94 is an unknown value
stack at sp + 3 slots: 0x00007fff04a4c5e8 jvm.dll
stack at sp + 4 slots: 0x00000000ec4af36c points into unknown readable memory: 90 f3 4a ec
stack at sp + 5 slots: 0x0000000000000031 is an unknown value
stack at sp + 6 slots: 0x000000215daffa60 points into unknown readable memory: 90 b5 0a ec 00 00 00 00
stack at sp + 7 slots: 0x00007fff04620c1f jvm.dll


---------------  P R O C E S S  ---------------

Threads class SMR info:
_java_thread_list=0x0000018506de8180, length=28, elements={
0x0000018567b2b800, 0x0000018567bea000, 0x0000018567bed000, 0x000001857fbb8800,
0x000001857fbba800, 0x000001857fbbc800, 0x000001857fbc2000, 0x000001857fbea000,
0x0000018502d6e000, 0x0000018502e11800, 0x0000018503194000, 0x0000018502cc4800,
0x0000018502cc7800, 0x00000185034e8800, 0x000001850301d000, 0x0000018502ed4800,
0x0000018503a30000, 0x0000018503a2e800, 0x0000018503a2c000, 0x0000018507ddb000,
0x0000018507dd9800, 0x0000018507ddc000, 0x0000018507de1000, 0x0000018507ddd000,
0x0000018507ddf800, 0x0000018507de6000, 0x0000018507de4000, 0x0000018507ddd800
}

Java Threads: ( => current thread )
  0x0000018567b2b800 JavaThread "main" [_thread_blocked, id=8368, stack(0x000000215d900000,0x000000215da00000)]
  0x0000018567bea000 JavaThread "Reference Handler" daemon [_thread_blocked, id=9004, stack(0x000000215dc00000,0x000000215dd00000)]
  0x0000018567bed000 JavaThread "Finalizer" daemon [_thread_blocked, id=8804, stack(0x000000215dd00000,0x000000215de00000)]
  0x000001857fbb8800 JavaThread "Signal Dispatcher" daemon [_thread_blocked, id=8736, stack(0x000000215de00000,0x000000215df00000)]
  0x000001857fbba800 JavaThread "Attach Listener" daemon [_thread_blocked, id=7492, stack(0x000000215df00000,0x000000215e000000)]
  0x000001857fbbc800 JavaThread "C2 CompilerThread0" daemon [_thread_blocked, id=6760, stack(0x000000215e000000,0x000000215e100000)]
  0x000001857fbc2000 JavaThread "C1 CompilerThread0" daemon [_thread_blocked, id=8776, stack(0x000000215e100000,0x000000215e200000)]
  0x000001857fbea000 JavaThread "Sweeper thread" daemon [_thread_blocked, id=8124, stack(0x000000215e200000,0x000000215e300000)]
  0x0000018502d6e000 JavaThread "Common-Cleaner" daemon [_thread_blocked, id=7604, stack(0x000000215e300000,0x000000215e400000)]
  0x0000018502e11800 JavaThread "Service Thread" daemon [_thread_blocked, id=5252, stack(0x000000215e400000,0x000000215e500000)]
  0x0000018503194000 JavaThread "Active Thread: Equinox Container: 2dffaf86-fce6-4a21-a811-a6bf300e9a15" [_thread_blocked, id=7920, stack(0x000000215e600000,0x000000215e700000)]
  0x0000018502cc4800 JavaThread "Framework Event Dispatcher: Equinox Container: 2dffaf86-fce6-4a21-a811-a6bf300e9a15" daemon [_thread_blocked, id=4216, stack(0x000000215e700000,0x000000215e800000)]
  0x0000018502cc7800 JavaThread "Start Level: Equinox Container: 2dffaf86-fce6-4a21-a811-a6bf300e9a15" daemon [_thread_blocked, id=2744, stack(0x000000215e800000,0x000000215e900000)]
  0x00000185034e8800 JavaThread "SCR Component Actor" daemon [_thread_blocked, id=7176, stack(0x000000215ec00000,0x000000215ed00000)]
  0x000001850301d000 JavaThread "Bundle File Closer" daemon [_thread_blocked, id=1640, stack(0x000000215ed00000,0x000000215ee00000)]
  0x0000018502ed4800 JavaThread "Worker-JM" [_thread_blocked, id=8416, stack(0x000000215ef00000,0x000000215f000000)]
  0x0000018503a30000 JavaThread "Java indexing" daemon [_thread_blocked, id=8828, stack(0x000000215f300000,0x000000215f400000)]
  0x0000018503a2e800 JavaThread "logback configurator timer" daemon [_thread_blocked, id=9292, stack(0x000000215f500000,0x000000215f600000)]
  0x0000018503a2c000 JavaThread "pool-2-thread-1" [_thread_blocked, id=9316, stack(0x000000215f600000,0x000000215f700000)]
  0x0000018507ddb000 JavaThread "ForkJoinPool.commonPool-worker-5" daemon [_thread_blocked, id=9660, stack(0x000000215fe00000,0x000000215ff00000)]
  0x0000018507dd9800 JavaThread "Java Debug Server" daemon [_thread_in_native, id=9984, stack(0x000000215d700000,0x000000215d800000)]
  0x0000018507ddc000 JavaThread "RxSchedulerPurge-1" daemon [_thread_blocked, id=10004, stack(0x000000215d600000,0x000000215d700000)]
  0x0000018507de1000 JavaThread "RxCachedWorkerPoolEvictor-1" daemon [_thread_blocked, id=9976, stack(0x000000215fc00000,0x000000215fd00000)]
  0x0000018507ddd000 JavaThread "ForkJoinPool.commonPool-worker-7" daemon [_thread_blocked, id=10548, stack(0x000000215f100000,0x000000215f200000)]
  0x0000018507ddf800 JavaThread "ForkJoinPool.commonPool-worker-1" daemon [_thread_blocked, id=6732, stack(0x000000215f200000,0x000000215f300000)]
  0x0000018507de6000 JavaThread "Worker-14" [_thread_blocked, id=9232, stack(0x000000215f800000,0x000000215f900000)]
  0x0000018507de4000 JavaThread "Worker-16" [_thread_blocked, id=8388, stack(0x000000215fa00000,0x000000215fb00000)]
  0x0000018507ddd800 JavaThread "ForkJoinPool.commonPool-worker-3" daemon [_thread_blocked, id=4080, stack(0x000000215d800000,0x000000215d900000)]

Other Threads:
  0x000001857fbb0800 VMThread "VM Thread" [stack: 0x000000215db00000,0x000000215dc00000] [id=8148]
  0x0000018502e18800 WatcherThread [stack: 0x000000215e500000,0x000000215e600000] [id=8740]
=>0x0000018567b45800 GCTaskThread "ParGC Thread#0" [stack: 0x000000215da00000,0x000000215db00000] [id=7264]
  0x00000185034c1000 GCTaskThread "ParGC Thread#1" [stack: 0x000000215e900000,0x000000215ea00000] [id=2756]
  0x00000185034c1800 GCTaskThread "ParGC Thread#2" [stack: 0x000000215ea00000,0x000000215eb00000] [id=9144]
  0x00000185034c6800 GCTaskThread "ParGC Thread#3" [stack: 0x000000215eb00000,0x000000215ec00000] [id=9148]

Threads with active compile tasks:

VM state:at safepoint (normal execution)

VM Mutex/Monitor currently owned by a thread:  ([mutex/lock_event])
[0x0000018567b2a300] Threads_lock - owner thread: 0x000001857fbb0800
[0x0000018567b2a390] Heap_lock - owner thread: 0x0000018507ddf800

Heap address: 0x00000000c0000000, size: 1024 MB, Compressed Oops mode: 32-bit
Narrow klass base: 0x0000000800000000, Narrow klass shift: 3
Compressed class space size: 1073741824 Address: 0x0000000800b40000

Heap:
 PSYoungGen      total 29184K, used 28967K [0x00000000eab00000, 0x00000000ed700000, 0x0000000100000000)
  eden space 14848K, 100% used [0x00000000eab00000,0x00000000eb980000,0x00000000eb980000)
  from space 14336K, 98% used [0x00000000ec800000,0x00000000ed5c9e98,0x00000000ed600000)
  to   space 14848K, 77% used [0x00000000eb980000,0x00000000ec4bc6b0,0x00000000ec800000)
 ParOldGen       total 200192K, used 137499K [0x00000000c0000000, 0x00000000cc380000, 0x00000000eab00000)
  object space 200192K, 68% used [0x00000000c0000000,0x00000000c8646ef8,0x00000000cc380000)
 Metaspace       used 75578K, capacity 79306K, committed 80000K, reserved 1120256K
  class space    used 7507K, capacity 8877K, committed 9088K, reserved 1048576K

Card table byte_map: [0x0000018567650000,0x0000018567860000] _byte_map_base: 0x0000018567050000

Marking Bits: (ParMarkBitMap*) 0x00007fff04e7bb10
 Begin Bits: [0x0000018500000000, 0x0000018501000000)
 End Bits:   [0x0000018501000000, 0x0000018502000000)

Polling page: 0x0000018567300000

Metaspace:

Usage:
  Non-class:     68.78 MB capacity,    66.48 MB ( 97%) used,     2.15 MB (  3%) free+waste,   152.50 KB ( <1%) overhead. 
      Class:      8.67 MB capacity,     7.33 MB ( 85%) used,     1.27 MB ( 15%) free+waste,    67.25 KB ( <1%) overhead. 
       Both:     77.45 MB capacity,    73.81 MB ( 95%) used,     3.43 MB (  4%) free+waste,   219.75 KB ( <1%) overhead. 

Virtual space:
  Non-class space:       70.00 MB reserved,      69.25 MB ( 99%) committed 
      Class space:        1.00 GB reserved,       8.88 MB ( <1%) committed 
             Both:        1.07 GB reserved,      78.13 MB (  7%) committed 

Chunk freelists:
   Non-Class:  355.00 KB
       Class:  97.00 KB
        Both:  452.00 KB

MaxMetaspaceSize: 17179869184.00 GB
CompressedClassSpaceSize: 1.00 GB

CodeHeap 'non-profiled nmethods': size=120064Kb used=12009Kb max_used=12138Kb free=108054Kb
 bounds [0x0000018577af0000, 0x00000185786d0000, 0x000001857f030000]
CodeHeap 'profiled nmethods': size=120000Kb used=31943Kb max_used=32581Kb free=88056Kb
 bounds [0x00000185705c0000, 0x00000185725a0000, 0x0000018577af0000]
CodeHeap 'non-nmethods': size=5696Kb used=1414Kb max_used=1503Kb free=4281Kb
 bounds [0x0000018570030000, 0x00000185702a0000, 0x00000185705c0000]
 total_blobs=22014 nmethods=12260 adapters=630
 compilation: enabled
              stopped_count=0, restarted_count=0
 full_count=0

Compilation events (20 events):
Event: 13294.231 Thread 0x000001857fbbc800 15621   !   4       java.util.concurrent.ThreadPoolExecutor::getTask (177 bytes)
Event: 13294.231 Thread 0x0000018507dda800 15619       4       java.util.concurrent.ConcurrentHashMap$KeySetView::iterator (34 bytes)
Event: 13294.239 Thread 0x0000018507dda800 nmethod 15619 0x0000018577f42910 code [0x0000018577f42aa0, 0x0000018577f42d78]
Event: 13294.239 Thread 0x0000018507dda800 15620       4       java.util.concurrent.ThreadPoolExecutor$Worker::unlock (7 bytes)
Event: 13294.241 Thread 0x0000018507dda800 nmethod 15620 0x0000018577f42610 code [0x0000018577f427a0, 0x0000018577f42868]
Event: 13294.241 Thread 0x0000018507dda800 15622       4       java.util.concurrent.ThreadPoolExecutor$Worker::lock (6 bytes)
Event: 13294.243 Thread 0x0000018507dda800 nmethod 15622 0x0000018577f42310 code [0x0000018577f424a0, 0x0000018577f42578]
Event: 13294.243 Thread 0x0000018507dda800 15623       4       java.util.concurrent.ScheduledThreadPoolExecutor$DelayedWorkQueue::finishPoll (43 bytes)
Event: 13294.245 Thread 0x0000018507dda800 nmethod 15623 0x0000018577f41f10 code [0x0000018577f420a0, 0x0000018577f421d8]
Event: 13294.245 Thread 0x0000018507dda800 15624       4       java.util.concurrent.ScheduledThreadPoolExecutor$ScheduledFutureTask::run (57 bytes)
Event: 13294.298 Thread 0x0000018507dda800 nmethod 15624 0x0000018577f3fd10 code [0x0000018577f40000, 0x0000018577f40eb8]
Event: 13294.314 Thread 0x000001857fbbc800 nmethod 15621 0x0000018577f3c790 code [0x0000018577f3cac0, 0x0000018577f3e558]
Event: 37932.556 Thread 0x000001857fbc2000 15628   !   3       org.eclipse.core.internal.jobs.JobManager::findBlockingJob (179 bytes)
Event: 37932.558 Thread 0x000001857fbc2000 nmethod 15628 0x0000018571d0f310 code [0x0000018571d0f600, 0x0000018571d10db0]
Event: 37952.918 Thread 0x000001857fbc2000 15629       3       org.eclipse.jdt.internal.codeassist.impl.AssistParser::triggerRecoveryUponLambdaClosure (667 bytes)
Event: 37952.921 Thread 0x000001857fbc2000 nmethod 15629 0x000001857227d310 code [0x000001857227d720, 0x0000018572280960]
Event: 37952.969 Thread 0x000001857fbbc800 15630       4       org.eclipse.jdt.internal.compiler.lookup.SourceTypeBinding::checkAndFlagHeapPollution (63 bytes)
Event: 37952.973 Thread 0x000001857fbbc800 nmethod 15630 0x0000018578684c90 code [0x0000018578684e60, 0x0000018578685068]
Event: 37953.109 Thread 0x000001857fbc2000 15631       3       org.eclipse.jdt.core.search.IParallelizable::isParallelSearchSupported (23 bytes)
Event: 37953.109 Thread 0x000001857fbc2000 nmethod 15631 0x0000018570711090 code [0x0000018570711260, 0x0000018570711750]

GC Heap History (20 events):
Event: 2396.914 GC heap after
{Heap after GC invocations=399 (full 15):
 PSYoungGen      total 52224K, used 19940K [0x00000000eab00000, 0x00000000efb80000, 0x0000000100000000)
  eden space 32256K, 0% used [0x00000000eab00000,0x00000000eab00000,0x00000000eca80000)
  from space 19968K, 99% used [0x00000000ecd00000,0x00000000ee0793c0,0x00000000ee080000)
  to   space 25088K, 0% used [0x00000000ee300000,0x00000000ee300000,0x00000000efb80000)
 ParOldGen       total 230912K, used 221376K [0x00000000c0000000, 0x00000000ce180000, 0x00000000eab00000)
  object space 230912K, 95% used [0x00000000c0000000,0x00000000cd830210,0x00000000ce180000)
 Metaspace       used 75706K, capacity 79408K, committed 79744K, reserved 1120256K
  class space    used 7556K, capacity 8969K, committed 9088K, reserved 1048576K
}
Event: 2407.897 GC heap before
{Heap before GC invocations=400 (full 15):
 PSYoungGen      total 52224K, used 52196K [0x00000000eab00000, 0x00000000efb80000, 0x0000000100000000)
  eden space 32256K, 100% used [0x00000000eab00000,0x00000000eca80000,0x00000000eca80000)
  from space 19968K, 99% used [0x00000000ecd00000,0x00000000ee0793c0,0x00000000ee080000)
  to   space 25088K, 0% used [0x00000000ee300000,0x00000000ee300000,0x00000000efb80000)
 ParOldGen       total 230912K, used 221376K [0x00000000c0000000, 0x00000000ce180000, 0x00000000eab00000)
  object space 230912K, 95% used [0x00000000c0000000,0x00000000cd830210,0x00000000ce180000)
 Metaspace       used 75744K, capacity 79473K, committed 79744K, reserved 1120256K
  class space    used 7556K, capacity 8969K, committed 9088K, reserved 1048576K
}
Event: 2407.921 GC heap after
{Heap after GC invocations=400 (full 15):
 PSYoungGen      total 51712K, used 19823K [0x00000000eab00000, 0x00000000ef680000, 0x0000000100000000)
  eden space 31744K, 0% used [0x00000000eab00000,0x00000000eab00000,0x00000000eca00000)
  from space 19968K, 99% used [0x00000000ee300000,0x00000000ef65bdd8,0x00000000ef680000)
  to   space 21504K, 0% used [0x00000000ecc80000,0x00000000ecc80000,0x00000000ee180000)
 ParOldGen       total 230912K, used 221760K [0x00000000c0000000, 0x00000000ce180000, 0x00000000eab00000)
  object space 230912K, 96% used [0x00000000c0000000,0x00000000cd890210,0x00000000ce180000)
 Metaspace       used 75744K, capacity 79473K, committed 79744K, reserved 1120256K
  class space    used 7556K, capacity 8969K, committed 9088K, reserved 1048576K
}
Event: 2412.800 GC heap before
{Heap before GC invocations=401 (full 15):
 PSYoungGen      total 51712K, used 51565K [0x00000000eab00000, 0x00000000ef680000, 0x0000000100000000)
  eden space 31744K, 99% used [0x00000000eab00000,0x00000000ec9ff8f8,0x00000000eca00000)
  from space 19968K, 99% used [0x00000000ee300000,0x00000000ef65bdd8,0x00000000ef680000)
  to   space 21504K, 0% used [0x00000000ecc80000,0x00000000ecc80000,0x00000000ee180000)
 ParOldGen       total 230912K, used 221760K [0x00000000c0000000, 0x00000000ce180000, 0x00000000eab00000)
  object space 230912K, 96% used [0x00000000c0000000,0x00000000cd890210,0x00000000ce180000)
 Metaspace       used 75792K, capacity 79503K, committed 79744K, reserved 1120256K
  class space    used 7559K, capacity 8974K, committed 9088K, reserved 1048576K
}
Event: 2412.823 GC heap after
{Heap after GC invocations=401 (full 15):
 PSYoungGen      total 51712K, used 20330K [0x00000000eab00000, 0x00000000ef180000, 0x0000000100000000)
  eden space 31232K, 0% used [0x00000000eab00000,0x00000000eab00000,0x00000000ec980000)
  from space 20480K, 99% used [0x00000000ecc80000,0x00000000ee05aa68,0x00000000ee080000)
  to   space 17408K, 0% used [0x00000000ee080000,0x00000000ee080000,0x00000000ef180000)
 ParOldGen       total 230912K, used 221760K [0x00000000c0000000, 0x00000000ce180000, 0x00000000eab00000)
  object space 230912K, 96% used [0x00000000c0000000,0x00000000cd890210,0x00000000ce180000)
 Metaspace       used 75792K, capacity 79503K, committed 79744K, reserved 1120256K
  class space    used 7559K, capacity 8974K, committed 9088K, reserved 1048576K
}
Event: 2414.941 GC heap before
{Heap before GC invocations=402 (full 15):
 PSYoungGen      total 51712K, used 51562K [0x00000000eab00000, 0x00000000ef180000, 0x0000000100000000)
  eden space 31232K, 100% used [0x00000000eab00000,0x00000000ec980000,0x00000000ec980000)
  from space 20480K, 99% used [0x00000000ecc80000,0x00000000ee05aa68,0x00000000ee080000)
  to   space 17408K, 0% used [0x00000000ee080000,0x00000000ee080000,0x00000000ef180000)
 ParOldGen       total 230912K, used 221760K [0x00000000c0000000, 0x00000000ce180000, 0x00000000eab00000)
  object space 230912K, 96% used [0x00000000c0000000,0x00000000cd890210,0x00000000ce180000)
 Metaspace       used 75843K, capacity 79695K, committed 80000K, reserved 1120256K
  class space    used 7559K, capacity 8974K, committed 9088K, reserved 1048576K
}
Event: 2414.971 GC heap after
{Heap after GC invocations=402 (full 15):
 PSYoungGen      total 32768K, used 17393K [0x00000000eab00000, 0x00000000f1600000, 0x0000000100000000)
  eden space 15360K, 0% used [0x00000000eab00000,0x00000000eab00000,0x00000000eba00000)
  from space 17408K, 99% used [0x00000000ee080000,0x00000000ef17c4d8,0x00000000ef180000)
  to   space 39424K, 0% used [0x00000000eba00000,0x00000000eba00000,0x00000000ee080000)
 ParOldGen       total 241664K, used 240969K [0x00000000c0000000, 0x00000000cec00000, 0x00000000eab00000)
  object space 241664K, 99% used [0x00000000c0000000,0x00000000ceb525b0,0x00000000cec00000)
 Metaspace       used 75843K, capacity 79695K, committed 80000K, reserved 1120256K
  class space    used 7559K, capacity 8974K, committed 9088K, reserved 1048576K
}
Event: 2414.971 GC heap before
{Heap before GC invocations=403 (full 16):
 PSYoungGen      total 32768K, used 17393K [0x00000000eab00000, 0x00000000f1600000, 0x0000000100000000)
  eden space 15360K, 0% used [0x00000000eab00000,0x00000000eab00000,0x00000000eba00000)
  from space 17408K, 99% used [0x00000000ee080000,0x00000000ef17c4d8,0x00000000ef180000)
  to   space 39424K, 0% used [0x00000000eba00000,0x00000000eba00000,0x00000000ee080000)
 ParOldGen       total 241664K, used 240969K [0x00000000c0000000, 0x00000000cec00000, 0x00000000eab00000)
  object space 241664K, 99% used [0x00000000c0000000,0x00000000ceb525b0,0x00000000cec00000)
 Metaspace       used 75843K, capacity 79695K, committed 80000K, reserved 1120256K
  class space    used 7559K, capacity 8974K, committed 9088K, reserved 1048576K
}
Event: 2415.291 GC heap after
{Heap after GC invocations=403 (full 16):
 PSYoungGen      total 54784K, used 0K [0x00000000eab00000, 0x00000000f0700000, 0x0000000100000000)
  eden space 15360K, 0% used [0x00000000eab00000,0x00000000eab00000,0x00000000eba00000)
  from space 39424K, 0% used [0x00000000eba00000,0x00000000eba00000,0x00000000ee080000)
  to   space 39424K, 0% used [0x00000000ee080000,0x00000000ee080000,0x00000000f0700000)
 ParOldGen       total 200192K, used 131464K [0x00000000c0000000, 0x00000000cc380000, 0x00000000eab00000)
  object space 200192K, 65% used [0x00000000c0000000,0x00000000c8062328,0x00000000cc380000)
 Metaspace       used 75545K, capacity 79242K, committed 80000K, reserved 1120256K
  class space    used 7507K, capacity 8877K, committed 9088K, reserved 1048576K
}
Event: 2415.390 GC heap before
{Heap before GC invocations=404 (full 16):
 PSYoungGen      total 54784K, used 15360K [0x00000000eab00000, 0x00000000f0700000, 0x0000000100000000)
  eden space 15360K, 100% used [0x00000000eab00000,0x00000000eba00000,0x00000000eba00000)
  from space 39424K, 0% used [0x00000000eba00000,0x00000000eba00000,0x00000000ee080000)
  to   space 39424K, 0% used [0x00000000ee080000,0x00000000ee080000,0x00000000f0700000)
 ParOldGen       total 200192K, used 131464K [0x00000000c0000000, 0x00000000cc380000, 0x00000000eab00000)
  object space 200192K, 65% used [0x00000000c0000000,0x00000000c8062328,0x00000000cc380000)
 Metaspace       used 75548K, capacity 79242K, committed 80000K, reserved 1120256K
  class space    used 7507K, capacity 8877K, committed 9088K, reserved 1048576K
}
Event: 2415.402 GC heap after
{Heap after GC invocations=404 (full 16):
 PSYoungGen      total 20480K, used 5020K [0x00000000eab00000, 0x00000000ee580000, 0x0000000100000000)
  eden space 15360K, 0% used [0x00000000eab00000,0x00000000eab00000,0x00000000eba00000)
  from space 5120K, 98% used [0x00000000ee080000,0x00000000ee567130,0x00000000ee580000)
  to   space 16896K, 0% used [0x00000000ec480000,0x00000000ec480000,0x00000000ed500000)
 ParOldGen       total 200192K, used 131464K [0x00000000c0000000, 0x00000000cc380000, 0x00000000eab00000)
  object space 200192K, 65% used [0x00000000c0000000,0x00000000c8062328,0x00000000cc380000)
 Metaspace       used 75548K, capacity 79242K, committed 80000K, reserved 1120256K
  class space    used 7507K, capacity 8877K, committed 9088K, reserved 1048576K
}
Event: 2415.480 GC heap before
{Heap before GC invocations=405 (full 16):
 PSYoungGen      total 20480K, used 20380K [0x00000000eab00000, 0x00000000ee580000, 0x0000000100000000)
  eden space 15360K, 100% used [0x00000000eab00000,0x00000000eba00000,0x00000000eba00000)
  from space 5120K, 98% used [0x00000000ee080000,0x00000000ee567130,0x00000000ee580000)
  to   space 16896K, 0% used [0x00000000ec480000,0x00000000ec480000,0x00000000ed500000)
 ParOldGen       total 200192K, used 131464K [0x00000000c0000000, 0x00000000cc380000, 0x00000000eab00000)
  object space 200192K, 65% used [0x00000000c0000000,0x00000000c8062328,0x00000000cc380000)
 Metaspace       used 75552K, capacity 79306K, committed 80000K, reserved 1120256K
  class space    used 7507K, capacity 8877K, committed 9088K, reserved 1048576K
}
Event: 2415.490 GC heap after
{Heap after GC invocations=405 (full 16):
 PSYoungGen      total 32256K, used 10596K [0x00000000eab00000, 0x00000000ee100000, 0x0000000100000000)
  eden space 15360K, 0% used [0x00000000eab00000,0x00000000eab00000,0x00000000eba00000)
  from space 16896K, 62% used [0x00000000ec480000,0x00000000eced9080,0x00000000ed500000)
  to   space 12288K, 0% used [0x00000000ed500000,0x00000000ed500000,0x00000000ee100000)
 ParOldGen       total 200192K, used 131464K [0x00000000c0000000, 0x00000000cc380000, 0x00000000eab00000)
  object space 200192K, 65% used [0x00000000c0000000,0x00000000c8062328,0x00000000cc380000)
 Metaspace       used 75552K, capacity 79306K, committed 80000K, reserved 1120256K
  class space    used 7507K, capacity 8877K, committed 9088K, reserved 1048576K
}
Event: 2415.775 GC heap before
{Heap before GC invocations=406 (full 16):
 PSYoungGen      total 32256K, used 25956K [0x00000000eab00000, 0x00000000ee100000, 0x0000000100000000)
  eden space 15360K, 100% used [0x00000000eab00000,0x00000000eba00000,0x00000000eba00000)
  from space 16896K, 62% used [0x00000000ec480000,0x00000000eced9080,0x00000000ed500000)
  to   space 12288K, 0% used [0x00000000ed500000,0x00000000ed500000,0x00000000ee100000)
 ParOldGen       total 200192K, used 131464K [0x00000000c0000000, 0x00000000cc380000, 0x00000000eab00000)
  object space 200192K, 65% used [0x00000000c0000000,0x00000000c8062328,0x00000000cc380000)
 Metaspace       used 75566K, capacity 79306K, committed 80000K, reserved 1120256K
  class space    used 7507K, capacity 8877K, committed 9088K, reserved 1048576K
}
Event: 2415.787 GC heap after
{Heap after GC invocations=406 (full 16):
 PSYoungGen      total 27648K, used 12260K [0x00000000eab00000, 0x00000000ee100000, 0x0000000100000000)
  eden space 15360K, 0% used [0x00000000eab00000,0x00000000eab00000,0x00000000eba00000)
  from space 12288K, 99% used [0x00000000ed500000,0x00000000ee0f9230,0x00000000ee100000)
  to   space 19968K, 0% used [0x00000000eba00000,0x00000000eba00000,0x00000000ecd80000)
 ParOldGen       total 200192K, used 137499K [0x00000000c0000000, 0x00000000cc380000, 0x00000000eab00000)
  object space 200192K, 68% used [0x00000000c0000000,0x00000000c8646ef8,0x00000000cc380000)
 Metaspace       used 75566K, capacity 79306K, committed 80000K, reserved 1120256K
  class space    used 7507K, capacity 8877K, committed 9088K, reserved 1048576K
}
Event: 2415.888 GC heap before
{Heap before GC invocations=407 (full 16):
 PSYoungGen      total 27648K, used 27620K [0x00000000eab00000, 0x00000000ee100000, 0x0000000100000000)
  eden space 15360K, 100% used [0x00000000eab00000,0x00000000eba00000,0x00000000eba00000)
  from space 12288K, 99% used [0x00000000ed500000,0x00000000ee0f9230,0x00000000ee100000)
  to   space 19968K, 0% used [0x00000000eba00000,0x00000000eba00000,0x00000000ecd80000)
 ParOldGen       total 200192K, used 137499K [0x00000000c0000000, 0x00000000cc380000, 0x00000000eab00000)
  object space 200192K, 68% used [0x00000000c0000000,0x00000000c8646ef8,0x00000000cc380000)
 Metaspace       used 75570K, capacity 79306K, committed 80000K, reserved 1120256K
  class space    used 7507K, capacity 8877K, committed 9088K, reserved 1048576K
}
Event: 2415.898 GC heap after
{Heap after GC invocations=407 (full 16):
 PSYoungGen      total 27648K, used 11787K [0x00000000eab00000, 0x00000000ed600000, 0x0000000100000000)
  eden space 15360K, 0% used [0x00000000eab00000,0x00000000eab00000,0x00000000eba00000)
  from space 12288K, 95% used [0x00000000eba00000,0x00000000ec582eb0,0x00000000ec600000)
  to   space 14336K, 0% used [0x00000000ec800000,0x00000000ec800000,0x00000000ed600000)
 ParOldGen       total 200192K, used 137499K [0x00000000c0000000, 0x00000000cc380000, 0x00000000eab00000)
  object space 200192K, 68% used [0x00000000c0000000,0x00000000c8646ef8,0x00000000cc380000)
 Metaspace       used 75570K, capacity 79306K, committed 80000K, reserved 1120256K
  class space    used 7507K, capacity 8877K, committed 9088K, reserved 1048576K
}
Event: 2415.972 GC heap before
{Heap before GC invocations=408 (full 16):
 PSYoungGen      total 27648K, used 27147K [0x00000000eab00000, 0x00000000ed600000, 0x0000000100000000)
  eden space 15360K, 100% used [0x00000000eab00000,0x00000000eba00000,0x00000000eba00000)
  from space 12288K, 95% used [0x00000000eba00000,0x00000000ec582eb0,0x00000000ec600000)
  to   space 14336K, 0% used [0x00000000ec800000,0x00000000ec800000,0x00000000ed600000)
 ParOldGen       total 200192K, used 137499K [0x00000000c0000000, 0x00000000cc380000, 0x00000000eab00000)
  object space 200192K, 68% used [0x00000000c0000000,0x00000000c8646ef8,0x00000000cc380000)
 Metaspace       used 75570K, capacity 79306K, committed 80000K, reserved 1120256K
  class space    used 7507K, capacity 8877K, committed 9088K, reserved 1048576K
}
Event: 2415.984 GC heap after
{Heap after GC invocations=408 (full 16):
 PSYoungGen      total 29184K, used 14119K [0x00000000eab00000, 0x00000000ed700000, 0x0000000100000000)
  eden space 14848K, 0% used [0x00000000eab00000,0x00000000eab00000,0x00000000eb980000)
  from space 14336K, 98% used [0x00000000ec800000,0x00000000ed5c9e98,0x00000000ed600000)
  to   space 14848K, 0% used [0x00000000eb980000,0x00000000eb980000,0x00000000ec800000)
 ParOldGen       total 200192K, used 137499K [0x00000000c0000000, 0x00000000cc380000, 0x00000000eab00000)
  object space 200192K, 68% used [0x00000000c0000000,0x00000000c8646ef8,0x00000000cc380000)
 Metaspace       used 75570K, capacity 79306K, committed 80000K, reserved 1120256K
  class space    used 7507K, capacity 8877K, committed 9088K, reserved 1048576K
}
Event: 37953.259 GC heap before
{Heap before GC invocations=409 (full 16):
 PSYoungGen      total 29184K, used 28967K [0x00000000eab00000, 0x00000000ed700000, 0x0000000100000000)
  eden space 14848K, 100% used [0x00000000eab00000,0x00000000eb980000,0x00000000eb980000)
  from space 14336K, 98% used [0x00000000ec800000,0x00000000ed5c9e98,0x00000000ed600000)
  to   space 14848K, 0% used [0x00000000eb980000,0x00000000eb980000,0x00000000ec800000)
 ParOldGen       total 200192K, used 137499K [0x00000000c0000000, 0x00000000cc380000, 0x00000000eab00000)
  object space 200192K, 68% used [0x00000000c0000000,0x00000000c8646ef8,0x00000000cc380000)
 Metaspace       used 75578K, capacity 79306K, committed 80000K, reserved 1120256K
  class space    used 7507K, capacity 8877K, committed 9088K, reserved 1048576K
}

Deoptimization events (20 events):
Event: 2407.751 Thread 0x0000018507de0000 DEOPT PACKING pc=0x000001857869277c sp=0x000000215f7fe690
Event: 2407.751 Thread 0x0000018507de0000 DEOPT UNPACKING pc=0x000001857007912f sp=0x000000215f7fe630 mode 2
Event: 2410.300 Thread 0x0000018507dde800 DEOPT PACKING pc=0x0000018572480a05 sp=0x000000215eefdf20
Event: 2410.300 Thread 0x0000018507dde800 DEOPT UNPACKING pc=0x000001857007964e sp=0x000000215eefd418 mode 0
Event: 2413.372 Thread 0x0000018507dda800 Uncommon trap: trap_request=0xffffffcc fr.pc=0x00000185783eeb88 relative=0x0000000000000f08
Event: 2413.372 Thread 0x0000018507dda800 Uncommon trap: reason=intrinsic_or_type_checked_inlining action=make_not_entrant pc=0x00000185783eeb88 method=org.eclipse.jdt.internal.compiler.parser.Parser.dispatchDeclarationInto(I)V @ 287 c2
Event: 2413.372 Thread 0x0000018507dda800 DEOPT PACKING pc=0x00000185783eeb88 sp=0x000000215f4fe860
Event: 2413.372 Thread 0x0000018507dda800 DEOPT UNPACKING pc=0x000001857007912f sp=0x000000215f4fe7d8 mode 2
Event: 2413.410 Thread 0x0000018507ddb000 Uncommon trap: trap_request=0xffffff45 fr.pc=0x0000018577ba13e4 relative=0x0000000000000224
Event: 2413.410 Thread 0x0000018507ddb000 Uncommon trap: reason=unstable_if action=reinterpret pc=0x0000018577ba13e4 method=java.util.concurrent.locks.ReentrantReadWriteLock$Sync.tryAcquireShared(I)I @ 55 c2
Event: 2413.410 Thread 0x0000018507ddb000 DEOPT PACKING pc=0x0000018577ba13e4 sp=0x000000215fefda80
Event: 2413.410 Thread 0x0000018507ddb000 DEOPT UNPACKING pc=0x000001857007912f sp=0x000000215fefda00 mode 2
Event: 2413.449 Thread 0x0000018507ddb000 DEOPT PACKING pc=0x0000018572480a3e sp=0x000000215fefcfd0
Event: 2413.449 Thread 0x0000018507ddb000 DEOPT UNPACKING pc=0x000001857007964e sp=0x000000215fefc4c8 mode 0
Event: 2415.467 Thread 0x0000018507de4000 Uncommon trap: trap_request=0xffffffcc fr.pc=0x00000185786c30e8 relative=0x0000000000000ae8
Event: 2415.467 Thread 0x0000018507de4000 Uncommon trap: reason=intrinsic_or_type_checked_inlining action=make_not_entrant pc=0x00000185786c30e8 method=org.eclipse.jdt.internal.compiler.parser.Parser.dispatchDeclarationInto(I)V @ 331 c2
Event: 2415.467 Thread 0x0000018507de4000 DEOPT PACKING pc=0x00000185786c30e8 sp=0x000000215fafe7c0
Event: 2415.467 Thread 0x0000018507de4000 DEOPT UNPACKING pc=0x000001857007912f sp=0x000000215fafe738 mode 2
Event: 2415.856 Thread 0x0000018507dde800 DEOPT PACKING pc=0x0000018572091f0a sp=0x000000215eefdab0
Event: 2415.856 Thread 0x0000018507dde800 DEOPT UNPACKING pc=0x000001857007964e sp=0x000000215eefcfc8 mode 0

Classes unloaded (20 events):
Event: 2415.108 Thread 0x000001857fbb0800 Unloading class 0x0000000800d1d440 'java/lang/invoke/LambdaForm$MH'
Event: 2415.108 Thread 0x000001857fbb0800 Unloading class 0x0000000800d1d040 'java/lang/invoke/LambdaForm$MH'
Event: 2415.108 Thread 0x000001857fbb0800 Unloading class 0x0000000800c1a040 'java/lang/invoke/LambdaForm$MH'
Event: 2415.108 Thread 0x000001857fbb0800 Unloading class 0x0000000800c19040 'java/lang/invoke/LambdaForm$MH'
Event: 2415.108 Thread 0x000001857fbb0800 Unloading class 0x0000000800c18c40 'java/lang/invoke/LambdaForm$MH'
Event: 2415.108 Thread 0x000001857fbb0800 Unloading class 0x0000000800c18840 'java/lang/invoke/LambdaForm$MH'
Event: 2415.108 Thread 0x000001857fbb0800 Unloading class 0x0000000800c18440 'java/lang/invoke/LambdaForm$MH'
Event: 2415.108 Thread 0x000001857fbb0800 Unloading class 0x0000000800c18040 'java/lang/invoke/LambdaForm$MH'
Event: 2415.108 Thread 0x000001857fbb0800 Unloading class 0x0000000800c02440 'java/lang/invoke/LambdaForm$MH'
Event: 2415.108 Thread 0x000001857fbb0800 Unloading class 0x0000000800c02c40 'java/lang/invoke/LambdaForm$MH'
Event: 2415.108 Thread 0x000001857fbb0800 Unloading class 0x0000000800c02840 'java/lang/invoke/LambdaForm$MH'
Event: 2415.108 Thread 0x000001857fbb0800 Unloading class 0x0000000800bca840 'jdk/internal/reflect/GeneratedConstructorAccessor2'
Event: 2415.108 Thread 0x000001857fbb0800 Unloading class 0x0000000800bce440 'jdk/internal/reflect/GeneratedMethodAccessor5'
Event: 2415.108 Thread 0x000001857fbb0800 Unloading class 0x0000000800bce040 'jdk/internal/reflect/GeneratedMethodAccessor4'
Event: 2415.108 Thread 0x000001857fbb0800 Unloading class 0x0000000800bcec40 'jdk/internal/reflect/GeneratedMethodAccessor3'
Event: 2415.108 Thread 0x000001857fbb0800 Unloading class 0x0000000800bce840 'jdk/internal/reflect/GeneratedMethodAccessor2'
Event: 2415.108 Thread 0x000001857fbb0800 Unloading class 0x0000000800bcf440 'jdk/internal/reflect/GeneratedMethodAccessor1'
Event: 2415.108 Thread 0x000001857fbb0800 Unloading class 0x0000000800bc8840 'java/lang/invoke/LambdaForm$DMH'
Event: 2415.108 Thread 0x000001857fbb0800 Unloading class 0x0000000800baa440 'java/lang/invoke/LambdaForm$DMH'
Event: 2415.108 Thread 0x000001857fbb0800 Unloading class 0x0000000800ba7440 'jdk/internal/reflect/GeneratedConstructorAccessor1'

Classes redefined (0 events):
No events

Internal exceptions (20 events):
Event: 2349.980 Thread 0x0000018507ddd800 Exception <a 'java/lang/ArrayIndexOutOfBoundsException'{0x00000000ed1525d0}> (0x00000000ed1525d0) 
thrown [t:/workspace/open/src/hotspot/share/runtime/sharedRuntime.cpp, line 585]
Event: 2349.988 Thread 0x0000018507ddd800 Exception <a 'java/lang/ArrayIndexOutOfBoundsException'{0x00000000ed15f738}> (0x00000000ed15f738) 
thrown [t:/workspace/open/src/hotspot/share/runtime/sharedRuntime.cpp, line 585]
Event: 2349.995 Thread 0x0000018507ddd800 Exception <a 'java/lang/ArrayIndexOutOfBoundsException'{0x00000000ed176ea0}> (0x00000000ed176ea0) 
thrown [t:/workspace/open/src/hotspot/share/runtime/sharedRuntime.cpp, line 585]
Event: 2350.025 Thread 0x0000018507ddd800 Exception <a 'java/lang/ArrayIndexOutOfBoundsException'{0x00000000ed2b2570}> (0x00000000ed2b2570) 
thrown [t:/workspace/open/src/hotspot/share/runtime/sharedRuntime.cpp, line 585]
Event: 2350.060 Thread 0x0000018507ddd800 Exception <a 'java/lang/ArrayIndexOutOfBoundsException'{0x00000000eaba95a0}> (0x00000000eaba95a0) 
thrown [t:/workspace/open/src/hotspot/share/runtime/sharedRuntime.cpp, line 585]
Event: 2350.060 Thread 0x0000018507ddd800 Exception <a 'java/lang/ArrayIndexOutOfBoundsException'{0x00000000eaba9cb8}> (0x00000000eaba9cb8) 
thrown [t:/workspace/open/src/hotspot/share/runtime/sharedRuntime.cpp, line 585]
Event: 2350.064 Thread 0x0000018507ddd800 Exception <a 'java/lang/ArrayIndexOutOfBoundsException'{0x00000000eabf6a78}> (0x00000000eabf6a78) 
thrown [t:/workspace/open/src/hotspot/share/runtime/sharedRuntime.cpp, line 585]
Event: 2350.064 Thread 0x0000018507ddd800 Exception <a 'java/lang/ArrayIndexOutOfBoundsException'{0x00000000eabf75d8}> (0x00000000eabf75d8) 
thrown [t:/workspace/open/src/hotspot/share/runtime/sharedRuntime.cpp, line 585]
Event: 2350.064 Thread 0x0000018507ddd800 Exception <a 'java/lang/ArrayIndexOutOfBoundsException'{0x00000000eabf7ef8}> (0x00000000eabf7ef8) 
thrown [t:/workspace/open/src/hotspot/share/runtime/sharedRuntime.cpp, line 585]
Event: 2350.068 Thread 0x0000018507ddd800 Exception <a 'java/lang/ArrayIndexOutOfBoundsException'{0x00000000eac13c50}> (0x00000000eac13c50) 
thrown [t:/workspace/open/src/hotspot/share/runtime/sharedRuntime.cpp, line 585]
Event: 2350.080 Thread 0x0000018507ddd800 Exception <a 'java/lang/ArrayIndexOutOfBoundsException'{0x00000000ead15f98}> (0x00000000ead15f98) 
thrown [t:/workspace/open/src/hotspot/share/runtime/sharedRuntime.cpp, line 585]
Event: 2350.087 Thread 0x0000018507ddd800 Exception <a 'java/lang/ArrayIndexOutOfBoundsException'{0x00000000eae0cdb8}> (0x00000000eae0cdb8) 
thrown [t:/workspace/open/src/hotspot/share/runtime/sharedRuntime.cpp, line 585]
Event: 2350.087 Thread 0x0000018507ddd800 Exception <a 'java/lang/ArrayIndexOutOfBoundsException'{0x00000000eae0d4d0}> (0x00000000eae0d4d0) 
thrown [t:/workspace/open/src/hotspot/share/runtime/sharedRuntime.cpp, line 585]
Event: 2350.091 Thread 0x0000018507ddd800 Exception <a 'java/lang/ArrayIndexOutOfBoundsException'{0x00000000eae5a5d0}> (0x00000000eae5a5d0) 
thrown [t:/workspace/open/src/hotspot/share/runtime/sharedRuntime.cpp, line 585]
Event: 2350.091 Thread 0x0000018507ddd800 Exception <a 'java/lang/ArrayIndexOutOfBoundsException'{0x00000000eae5b130}> (0x00000000eae5b130) 
thrown [t:/workspace/open/src/hotspot/share/runtime/sharedRuntime.cpp, line 585]
Event: 2350.091 Thread 0x0000018507ddd800 Exception <a 'java/lang/ArrayIndexOutOfBoundsException'{0x00000000eae5ba50}> (0x00000000eae5ba50) 
thrown [t:/workspace/open/src/hotspot/share/runtime/sharedRuntime.cpp, line 585]
Event: 2350.093 Thread 0x0000018507ddd800 Exception <a 'java/lang/ArrayIndexOutOfBoundsException'{0x00000000eae776f8}> (0x00000000eae776f8) 
thrown [t:/workspace/open/src/hotspot/share/runtime/sharedRuntime.cpp, line 585]
Event: 2350.104 Thread 0x0000018507ddd800 Exception <a 'java/lang/ArrayIndexOutOfBoundsException'{0x00000000eaf97eb8}> (0x00000000eaf97eb8) 
thrown [t:/workspace/open/src/hotspot/share/runtime/sharedRuntime.cpp, line 585]
Event: 2350.114 Thread 0x0000018507ddd800 Exception <a 'java/lang/ArrayIndexOutOfBoundsException'{0x00000000eb0c3840}> (0x00000000eb0c3840) 
thrown [t:/workspace/open/src/hotspot/share/runtime/sharedRuntime.cpp, line 585]
Event: 2350.122 Thread 0x0000018507ddd800 Exception <a 'java/lang/ArrayIndexOutOfBoundsException'{0x00000000eb1c7478}> (0x00000000eb1c7478) 
thrown [t:/workspace/open/src/hotspot/share/runtime/sharedRuntime.cpp, line 585]

Events (20 events):
Event: 13294.228 Thread 0x000001857fbea000 flushing nmethod 0x0000018571f0ab90
Event: 13294.229 Thread 0x000001857fbea000 flushing nmethod 0x0000018571fcb790
Event: 13294.229 Thread 0x000001857fbea000 flushing nmethod 0x0000018571feb610
Event: 13294.229 Thread 0x000001857fbea000 flushing nmethod 0x000001857203ea10
Event: 13294.230 Thread 0x000001857fbea000 flushing nmethod 0x0000018572056c10
Event: 13294.231 Thread 0x0000018507dda800 Thread added: 0x0000018507dda800
Event: 13294.231 Thread 0x000001857fbea000 flushing nmethod 0x0000018572168990
Event: 13294.232 Thread 0x000001857fbea000 flushing nmethod 0x000001857225fc90
Event: 13294.232 Thread 0x000001857fbea000 flushing nmethod 0x000001857227cc10
Event: 13294.232 Thread 0x000001857fbea000 flushing nmethod 0x0000018572287d10
Event: 13294.232 Thread 0x000001857fbea000 flushing nmethod 0x000001857228c810
Event: 13294.232 Thread 0x000001857fbea000 flushing nmethod 0x00000185722e4c90
Event: 13294.232 Thread 0x000001857fbea000 flushing nmethod 0x0000018572326090
Event: 13294.233 Thread 0x000001857fbea000 flushing nmethod 0x0000018572396590
Event: 13299.298 Thread 0x0000018507dda800 Thread exited: 0x0000018507dda800
Event: 37932.875 Executing VM operation: RevokeBias
Event: 37932.876 Executing VM operation: RevokeBias done
Event: 37932.876 Thread 0x0000018507dde800 Thread exited: 0x0000018507dde800
Event: 37953.109 Thread 0x0000018507ddd800 Thread added: 0x0000018507ddd800
Event: 37953.259 Executing VM operation: ParallelGCFailedAllocation


Dynamic libraries:
0x00007ff6b4260000 - 0x00007ff6b426f000 	C:\Program Files\Java\jdk-13.0.1\bin\java.exe
0x00007fff2fa80000 - 0x00007fff2fc70000 	C:\WINDOWS\SYSTEM32\ntdll.dll
0x00007fff2f910000 - 0x00007fff2f9c2000 	C:\WINDOWS\System32\KERNEL32.DLL
0x00007fff2d500000 - 0x00007fff2d7a5000 	C:\WINDOWS\System32\KERNELBASE.dll
0x00007fff2d230000 - 0x00007fff2d32a000 	C:\WINDOWS\System32\ucrtbase.dll
0x00007fff25780000 - 0x00007fff25798000 	C:\Program Files\Java\jdk-13.0.1\bin\jli.dll
0x00007fff2e870000 - 0x00007fff2e913000 	C:\WINDOWS\System32\ADVAPI32.dll
0x00007fff2f100000 - 0x00007fff2f19e000 	C:\WINDOWS\System32\msvcrt.dll
0x00007fff2ef50000 - 0x00007fff2efe7000 	C:\WINDOWS\System32\sechost.dll
0x00007fff2e620000 - 0x00007fff2e73f000 	C:\WINDOWS\System32\RPCRT4.dll
0x00007fff2eaf0000 - 0x00007fff2ec84000 	C:\WINDOWS\System32\USER32.dll
0x00007fff2b6c0000 - 0x00007fff2b944000 	C:\WINDOWS\WinSxS\amd64_microsoft.windows.common-controls_6595b64144ccf1df_6.0.18362.1379_none_9e7ff3b3e45cc0c4\COMCTL32.dll
0x00007fff2d4d0000 - 0x00007fff2d4f1000 	C:\WINDOWS\System32\win32u.dll
0x00007fff2ec90000 - 0x00007fff2ecb6000 	C:\WINDOWS\System32\GDI32.dll
0x00007fff2e2e0000 - 0x00007fff2e617000 	C:\WINDOWS\System32\combase.dll
0x00007fff2d840000 - 0x00007fff2d9d8000 	C:\WINDOWS\System32\gdi32full.dll
0x00007fff2d9e0000 - 0x00007fff2da7e000 	C:\WINDOWS\System32\msvcp_win.dll
0x00007fff2d7b0000 - 0x00007fff2d831000 	C:\WINDOWS\System32\bcryptPrimitives.dll
0x00007fff1c9d0000 - 0x00007fff1c9da000 	C:\WINDOWS\SYSTEM32\VERSION.dll
0x00007fff1fb50000 - 0x00007fff1fb65000 	C:\Program Files\Java\jdk-13.0.1\bin\VCRUNTIME140.dll
0x00007fff2f0d0000 - 0x00007fff2f0fe000 	C:\WINDOWS\System32\IMM32.DLL
0x00007fff07270000 - 0x00007fff0730b000 	C:\Program Files\Java\jdk-13.0.1\bin\msvcp140.dll
0x00007fff043e0000 - 0x00007fff04f46000 	C:\Program Files\Java\jdk-13.0.1\bin\server\jvm.dll
0x00007fff2f9d0000 - 0x00007fff2f9d8000 	C:\WINDOWS\System32\PSAPI.DLL
0x00007fff29cb0000 - 0x00007fff29cd4000 	C:\WINDOWS\SYSTEM32\WINMM.dll
0x00007fff29c80000 - 0x00007fff29cad000 	C:\WINDOWS\SYSTEM32\WINMMBASE.dll
0x00007fff2d330000 - 0x00007fff2d37a000 	C:\WINDOWS\System32\cfgmgr32.dll
0x00007fff27d30000 - 0x00007fff27d39000 	C:\WINDOWS\SYSTEM32\WSOCK32.dll
0x00007fff2ea80000 - 0x00007fff2eaef000 	C:\WINDOWS\System32\ws2_32.DLL
0x00007fff2c940000 - 0x00007fff2c951000 	C:\WINDOWS\System32\kernel.appcore.dll
0x00007fff1fb40000 - 0x00007fff1fb50000 	C:\Program Files\Java\jdk-13.0.1\bin\verify.dll
0x00007fff2c1e0000 - 0x00007fff2c3d4000 	C:\WINDOWS\SYSTEM32\DBGHELP.DLL
0x00007fff2c130000 - 0x00007fff2c15a000 	C:\WINDOWS\SYSTEM32\dbgcore.DLL
0x00007fff0dbf0000 - 0x00007fff0dc16000 	C:\Program Files\Java\jdk-13.0.1\bin\java.dll
0x00007fff07200000 - 0x00007fff07217000 	C:\Program Files\Java\jdk-13.0.1\bin\zip.dll
0x00007fff1fb30000 - 0x00007fff1fb3a000 	C:\Program Files\Java\jdk-13.0.1\bin\jimage.dll
0x00007fff2db30000 - 0x00007fff2e218000 	C:\WINDOWS\System32\SHELL32.dll
0x00007fff2eea0000 - 0x00007fff2ef47000 	C:\WINDOWS\System32\shcore.dll
0x00007fff2ca20000 - 0x00007fff2d19b000 	C:\WINDOWS\System32\windows.storage.dll
0x00007fff2c960000 - 0x00007fff2c983000 	C:\WINDOWS\System32\profapi.dll
0x00007fff2c990000 - 0x00007fff2c9da000 	C:\WINDOWS\System32\powrprof.dll
0x00007fff2c930000 - 0x00007fff2c940000 	C:\WINDOWS\System32\UMPDC.dll
0x00007fff2e810000 - 0x00007fff2e862000 	C:\WINDOWS\System32\shlwapi.dll
0x00007fff2ca00000 - 0x00007fff2ca17000 	C:\WINDOWS\System32\cryptsp.dll
0x00007fff071c0000 - 0x00007fff071d9000 	C:\Program Files\Java\jdk-13.0.1\bin\net.dll
0x00007fff1fc00000 - 0x00007fff1fcf0000 	C:\WINDOWS\SYSTEM32\WINHTTP.dll
0x00007fff2bd40000 - 0x00007fff2bda7000 	C:\WINDOWS\system32\mswsock.dll
0x00007fff071a0000 - 0x00007fff071b3000 	C:\Program Files\Java\jdk-13.0.1\bin\nio.dll
0x00007fff2b630000 - 0x00007fff2b663000 	C:\WINDOWS\system32\rsaenh.dll
0x00007fff2d200000 - 0x00007fff2d226000 	C:\WINDOWS\System32\bcrypt.dll
0x00007fff2c850000 - 0x00007fff2c875000 	C:\WINDOWS\SYSTEM32\USERENV.dll
0x00007fff2bf10000 - 0x00007fff2bf1c000 	C:\WINDOWS\SYSTEM32\CRYPTBASE.dll
0x00007fff2ba50000 - 0x00007fff2ba8a000 	C:\WINDOWS\SYSTEM32\IPHLPAPI.DLL
0x00007fff2e2d0000 - 0x00007fff2e2d8000 	C:\WINDOWS\System32\NSI.dll
0x00007fff21fa0000 - 0x00007fff21fb6000 	C:\WINDOWS\SYSTEM32\dhcpcsvc6.DLL
0x00007fff22070000 - 0x00007fff2208c000 	C:\WINDOWS\SYSTEM32\dhcpcsvc.DLL
0x00007fff2ba90000 - 0x00007fff2bb5b000 	C:\WINDOWS\SYSTEM32\DNSAPI.dll
0x00007fff070e0000 - 0x00007fff07109000 	C:\Users\Admin\AppData\Roaming\Code\User\globalStorage\redhat.java\0.79.1\config_win\org.eclipse.equinox.launcher\org.eclipse.equinox.launcher.win32.win32.x86_64_1.2.200.v20210406-1409\eclipse_11401.dll
0x00007fff25810000 - 0x00007fff25821000 	C:\Users\Admin\AppData\Roaming\Code\User\globalStorage\redhat.java\0.79.1\config_win\org.eclipse.osgi\23\0\.cp\jWinHttp-1.0.0.dll
0x00007fff2e920000 - 0x00007fff2ea77000 	C:\WINDOWS\System32\ole32.dll
0x00007fff0c9f0000 - 0x00007fff0c9fe000 	C:\Program Files\Java\jdk-13.0.1\bin\sunmscapi.dll
0x00007fff2d380000 - 0x00007fff2d4ca000 	C:\WINDOWS\System32\CRYPT32.dll
0x00007fff2c9e0000 - 0x00007fff2c9f2000 	C:\WINDOWS\System32\MSASN1.dll
0x00007fff2c010000 - 0x00007fff2c036000 	C:\WINDOWS\SYSTEM32\ncrypt.dll
0x00007fff2bfd0000 - 0x00007fff2c00b000 	C:\WINDOWS\SYSTEM32\NTASN1.dll
0x00007fff0b5d0000 - 0x00007fff0b5f5000 	C:\Program Files\Java\jdk-13.0.1\bin\sunec.dll
0x00007fff217b0000 - 0x00007fff217ba000 	C:\Windows\System32\rasadhlp.dll
0x00007fff21ea0000 - 0x00007fff21f17000 	C:\WINDOWS\System32\fwpuclnt.dll

dbghelp: loaded successfully - version: 4.0.5 - missing functions: none
symbol engine: initialized successfully - sym options: 0x614 - pdb path: .;C:\Program Files\Java\jdk-13.0.1\bin;C:\WINDOWS\SYSTEM32;C:\WINDOWS\WinSxS\amd64_microsoft.windows.common-controls_6595b64144ccf1df_6.0.18362.1379_none_9e7ff3b3e45cc0c4;C:\Program Files\Java\jdk-13.0.1\bin\server;C:\Users\Admin\AppData\Roaming\Code\User\globalStorage\redhat.java\0.79.1\config_win\org.eclipse.equinox.launcher\org.eclipse.equinox.launcher.win32.win32.x86_64_1.2.200.v20210406-1409;C:\Users\Admin\AppData\Roaming\Code\User\globalStorage\redhat.java\0.79.1\config_win\org.eclipse.osgi\23\0\.cp

VM Arguments:
jvm_args: --add-modules=ALL-SYSTEM --add-opens=java.base/java.util=ALL-UNNAMED --add-opens=java.base/java.lang=ALL-UNNAMED -Declipse.application=org.eclipse.jdt.ls.core.id1 -Dosgi.bundles.defaultStartLevel=4 -Declipse.product=org.eclipse.jdt.ls.core.product -Dfile.encoding=utf8 -DwatchParentProcess=false -XX:+UseParallelGC -XX:GCTimeRatio=4 -XX:AdaptiveSizePolicyWeight=90 -Dsun.zip.disableMemoryMapping=true -Xmx1G -Xms100m 
java_command: c:\Users\Admin\.vscode\extensions\redhat.java-0.79.1\server\plugins\org.eclipse.equinox.launcher_1.6.100.v20201223-0822.jar -configuration c:\Users\Admin\AppData\Roaming\Code\User\globalStorage\redhat.java\0.79.1\config_win -data c:\Users\Admin\AppData\Roaming\Code\User\workspaceStorage\c3e96b8b3617a5b3110e6d2a1b780721\redhat.java\jdt_ws
java_class_path (initial): c:\Users\Admin\.vscode\extensions\redhat.java-0.79.1\server\plugins\org.eclipse.equinox.launcher_1.6.100.v20201223-0822.jar
Launcher Type: SUN_STANDARD

[Global flags]
    uintx AdaptiveSizePolicyWeight                 = 90                                        {product} {command line}
     intx CICompilerCount                          = 3                                         {product} {ergonomic}
    uintx GCTimeRatio                              = 4                                         {product} {command line}
   size_t InitialHeapSize                          = 104857600                                 {product} {command line}
   size_t MaxHeapSize                              = 1073741824                                {product} {command line}
   size_t MaxNewSize                               = 357564416                                 {product} {ergonomic}
   size_t MinHeapDeltaBytes                        = 524288                                    {product} {ergonomic}
   size_t MinHeapSize                              = 104857600                                 {product} {command line}
   size_t NewSize                                  = 34603008                                  {product} {ergonomic}
    uintx NonNMethodCodeHeapSize                   = 5830732                                {pd product} {ergonomic}
    uintx NonProfiledCodeHeapSize                  = 122913754                              {pd product} {ergonomic}
   size_t OldSize                                  = 70254592                                  {product} {ergonomic}
    uintx ProfiledCodeHeapSize                     = 122913754                              {pd product} {ergonomic}
    uintx ReservedCodeCacheSize                    = 251658240                              {pd product} {ergonomic}
     bool SegmentedCodeCache                       = true                                      {product} {ergonomic}
   size_t SoftMaxHeapSize                          = 1073741824                             {manageable} {ergonomic}
     bool UseCompressedClassPointers               = true                                 {lp64_product} {ergonomic}
     bool UseCompressedOops                        = true                                 {lp64_product} {ergonomic}
     bool UseLargePagesIndividualAllocation        = false                                  {pd product} {ergonomic}
     bool UseParallelGC                            = true                                      {product} {command line}

Logging:
Log output configuration:
 #0: stdout all=warning uptime,level,tags
 #1: stderr all=off uptime,level,tags

Environment Variables:
JAVA_HOME=C:\Program Files\Java\jdk-13.0.1
CLASSPATH=C:\Program Files (x86)\Java\jre1.8.0_231\lib;C:\Users\Admin\Desktop\elk;
PATH=C:\Program Files (x86)\Common Files\Oracle\Java\javapath;C:\ProgramData\Oracle\Java\javapath;C:\WINDOWS\system32;C:\WINDOWS;C:\WINDOWS\System32\Wbem;C:\WINDOWS\System32\WindowsPowerShell\v1.0\;C:\WINDOWS\System32\OpenSSH\;C:\Program Files\Java\jdk-13.0.1;C:\Program Files (x86)\Java\jre1.8.0_131\bin;C:\Program Files (x86)\Java\jdk1.8.0_131\bin;C:\Program Files (x86)\Java\jre1.8.0_131\lib;C:\Users\Admin\Desktop\elk;C:\Users\Admin\AppData\Local\Microsoft\WindowsApps;;C:\Users\Admin\AppData\Local\Programs\Microsoft VS Code\bin
USERNAME=Admin
OS=Windows_NT
PROCESSOR_IDENTIFIER=Intel64 Family 6 Model 42 Stepping 7, GenuineIntel



---------------  S Y S T E M  ---------------

OS: Windows 10 , 64 bit Build 18362 (10.0.18362.1350)

CPU:total 4 (initial active 4) (2 cores per cpu, 2 threads per core) family 6 model 42 stepping 7, cmov, cx8, fxsr, mmx, sse, sse2, sse3, ssse3, sse4.1, sse4.2, popcnt, avx, clmul, ht, tsc, tscinvbit

Memory: 4k page, system-wide physical 4039M (779M free)
TotalPageFile size 5447M (AvailPageFile size 1385M)
current process WorkingSet (physical memory assigned to process): 469M, peak: 565M
current process commit charge ("private bytes"): 522M, peak: 701M

vm_info: Java HotSpot(TM) 64-Bit Server VM (13.0.1+9) for windows-amd64 JRE (13.0.1+9), built on Oct  6 2019 12:37:49 by "mach5one" with unknown MS VC++:1916

END.
