#
# There is insufficient memory for the Java Runtime Environment to continue.
# Native memory allocation (malloc) failed to allocate 1048576 bytes for AllocateHeap
# Possible reasons:
#   The system is out of physical RAM or swap space
#   The process is running with CompressedOops enabled, and the Java Heap may be blocking the growth of the native heap
# Possible solutions:
#   Reduce memory load on the system
#   Increase physical memory or swap space
#   Check if swap backing store is full
#   Decrease Java heap size (-Xmx/-Xms)
#   Decrease number of Java threads
#   Decrease Java thread stack sizes (-Xss)
#   Set larger code cache with -XX:ReservedCodeCacheSize=
#   JVM is running with Unscaled Compressed Oops mode in which the Java heap is
#     placed in the first 4GB address space. The Java Heap base address is the
#     maximum limit for the native heap growth. Please use -XX:HeapBaseMinAddress
#     to set the Java Heap base and to place the Java Heap above 4GB virtual address.
# This output file may be truncated or incomplete.
#
#  Out of Memory Error (t:/workspace/open/src/hotspot/share/memory/allocation.cpp:45), pid=5536, tid=9540
#
# JRE version:  (13.0.1+9) (build )
# Java VM: Java HotSpot(TM) 64-Bit Server VM (13.0.1+9, mixed mode, sharing, tiered, compressed oops, parallel gc, windows-amd64)
# No core dump will be written. Minidumps are not enabled by default on client versions of Windows
#

---------------  S U M M A R Y ------------

Command Line: --add-modules=ALL-SYSTEM --add-opens=java.base/java.util=ALL-UNNAMED --add-opens=java.base/java.lang=ALL-UNNAMED -Declipse.application=org.eclipse.jdt.ls.core.id1 -Dosgi.bundles.defaultStartLevel=4 -Declipse.product=org.eclipse.jdt.ls.core.product -Dfile.encoding=utf8 -DwatchParentProcess=false -XX:+UseParallelGC -XX:GCTimeRatio=4 -XX:AdaptiveSizePolicyWeight=90 -Dsun.zip.disableMemoryMapping=true -Xmx1G -Xms100m c:\Users\Admin\.vscode\extensions\redhat.java-0.79.2\server\plugins\org.eclipse.equinox.launcher_1.6.100.v20201223-0822.jar -configuration c:\Users\Admin\AppData\Roaming\Code\User\globalStorage\redhat.java\0.79.2\config_ss_win -data c:\Users\Admin\AppData\Roaming\Code\User\workspaceStorage\c3e96b8b3617a5b3110e6d2a1b780721\redhat.java\ss_ws

Host: Intel(R) Core(TM) i3-2330M CPU @ 2.20GHz, 4 cores, 3G,  Windows 10 , 64 bit Build 18362 (10.0.18362.1350)
Time: Sat May 22 22:02:30 2021 India Standard Time elapsed time: 1 seconds (0d 0h 0m 1s)

---------------  T H R E A D  ---------------

Current thread (0x000001550e89e000):  JavaThread "Unknown thread" [_thread_in_vm, id=9540, stack(0x000000416f400000,0x000000416f500000)]

Stack: [0x000000416f400000,0x000000416f500000]
Native frames: (J=compiled Java code, j=interpreted, Vv=VM code, C=native code)
V  [jvm.dll+0x626eca]
V  [jvm.dll+0x772c6a]
V  [jvm.dll+0x77441f]
V  [jvm.dll+0x774a23]
V  [jvm.dll+0x24da58]
V  [jvm.dll+0xbaa2f]
V  [jvm.dll+0x660792]
V  [jvm.dll+0x66146a]
V  [jvm.dll+0x637f5c]
V  [jvm.dll+0x750559]
V  [jvm.dll+0x3637cb]
V  [jvm.dll+0x732dc5]
V  [jvm.dll+0x3ce2ef]
V  [jvm.dll+0x3d0611]
C  [jli.dll+0x51ff]
C  [ucrtbase.dll+0x210b2]
C  [KERNEL32.DLL+0x17c24]
C  [ntdll.dll+0x6d721]


---------------  P R O C E S S  ---------------

Threads class SMR info:
_java_thread_list=0x00007fff080846b8, length=0, elements={
}

Java Threads: ( => current thread )

Other Threads:
  0x000001550e8b7000 GCTaskThread "ParGC Thread#0" [stack: 0x000000416f500000,0x000000416f600000] [id=7832]

=>0x000001550e89e000 (exited) JavaThread "Unknown thread" [_thread_in_vm, id=9540, stack(0x000000416f400000,0x000000416f500000)]

Threads with active compile tasks:

VM state:not at safepoint (normal execution)

VM Mutex/Monitor currently owned by a thread: None

Heap address: 0x00000000c0000000, size: 1024 MB, Compressed Oops mode: 32-bit
Narrow klass base: 0x0000000800000000, Narrow klass shift: 3
Compressed class space size: 1073741824 Address: 0x0000000800b40000

Heap:
 PSYoungGen      total 29696K, used 512K [0x00000000eab00000, 0x00000000ecc00000, 0x0000000100000000)
  eden space 25600K, 2% used [0x00000000eab00000,0x00000000eab80010,0x00000000ec400000)
  from space 4096K, 0% used [0x00000000ec800000,0x00000000ec800000,0x00000000ecc00000)
  to   space 4096K, 0% used [0x00000000ec400000,0x00000000ec400000,0x00000000ec800000)
 ParOldGen       total 68608K, used 0K [0x00000000c0000000, 0x00000000c4300000, 0x00000000eab00000)
  object space 68608K, 0% used [0x00000000c0000000,0x00000000c0000000,0x00000000c4300000)
 Metaspace       used 0K, capacity 0K, committed 0K, reserved 1056768K
  class space    used 0K, capacity 0K, committed 0K, reserved 1048576K

Card table byte_map: [0x000001550e390000,0x000001550e5a0000] _byte_map_base: 0x000001550dd90000

Marking Bits: (ParMarkBitMap*) 0x00007fff0805bb10
 Begin Bits: [0x0000015525da0000, 0x0000015526da0000)
 End Bits:   [0x0000015526da0000, 0x0000015527da0000)

Polling page: 0x000001550c670000

Metaspace:

Usage:
  Non-class:      0 bytes capacity,     0 bytes (  ?%) used,     0 bytes (  ?%) free+waste,     0 bytes (  ?%) overhead. 
      Class:      0 bytes capacity,     0 bytes (  ?%) used,     0 bytes (  ?%) free+waste,     0 bytes (  ?%) overhead. 
       Both:      0 bytes capacity,     0 bytes (  ?%) used,     0 bytes (  ?%) free+waste,     0 bytes (  ?%) overhead. 

Virtual space:
  Non-class space:        8.00 MB reserved,       0 bytes (  0%) committed 
      Class space:        1.00 GB reserved,       0 bytes (  0%) committed 
             Both:        1.01 GB reserved,       0 bytes (  0%) committed 

Chunk freelists:
   Non-Class:  0 bytes
       Class:  0 bytes
        Both:  0 bytes

MaxMetaspaceSize: 17179869184.00 GB
CompressedClassSpaceSize: 1.00 GB

CodeHeap 'non-profiled nmethods': size=120064Kb used=0Kb max_used=0Kb free=120064Kb
 bounds [0x000001551e860000, 0x000001551ead0000, 0x0000015525da0000]
CodeHeap 'profiled nmethods': size=120000Kb used=0Kb max_used=0Kb free=120000Kb
 bounds [0x0000015517330000, 0x00000155175a0000, 0x000001551e860000]
CodeHeap 'non-nmethods': size=5696Kb used=275Kb max_used=301Kb free=5420Kb
 bounds [0x0000015516da0000, 0x0000015517010000, 0x0000015517330000]
 total_blobs=402 nmethods=0 adapters=113
 compilation: enabled
              stopped_count=0, restarted_count=0
 full_count=0

Compilation events (0 events):
No events

GC Heap History (0 events):
No events

Deoptimization events (0 events):
No events

Classes unloaded (0 events):
No events

Classes redefined (0 events):
No events

Internal exceptions (0 events):
No events

Events (8 events):
Event: 0.013 Loaded shared library C:\Program Files\Java\jdk-13.0.1\bin\zip.dll
Event: 0.013 Loaded shared library C:\Program Files\Java\jdk-13.0.1\bin\jimage.dll
Event: 0.015 Loading shared library C:\Program Files\Java\jdk-13.0.1\lib\libjava.base-coop-nong1.dll failed, error code 126
Event: 0.015 Loading shared library C:\Program Files\Java\jdk-13.0.1\lib\libjava.logging-coop-nong1.dll failed, error code 126
Event: 0.015 Loading shared library C:\Program Files\Java\jdk-13.0.1\lib\libjdk.compiler-coop-nong1.dll failed, error code 126
Event: 0.015 Loading shared library C:\Program Files\Java\jdk-13.0.1\lib\libjdk.scripting.nashorn-coop-nong1.dll failed, error code 126
Event: 0.016 Loading shared library C:\Program Files\Java\jdk-13.0.1\lib\libjdk.internal.vm.ci-coop-nong1.dll failed, error code 126
Event: 0.016 Loading shared library C:\Program Files\Java\jdk-13.0.1\lib\libjdk.internal.vm.compiler-coop-nong1.dll failed, error code 126


Dynamic libraries:
0x00007ff6b4260000 - 0x00007ff6b426f000 	C:\Program Files\Java\jdk-13.0.1\bin\java.exe
0x00007fff2fa80000 - 0x00007fff2fc70000 	C:\WINDOWS\SYSTEM32\ntdll.dll
0x00007fff2f910000 - 0x00007fff2f9c2000 	C:\WINDOWS\System32\KERNEL32.DLL
0x00007fff2d500000 - 0x00007fff2d7a5000 	C:\WINDOWS\System32\KERNELBASE.dll
0x00007fff2d230000 - 0x00007fff2d32a000 	C:\WINDOWS\System32\ucrtbase.dll
0x00007fff1fa50000 - 0x00007fff1fa68000 	C:\Program Files\Java\jdk-13.0.1\bin\jli.dll
0x00007fff1ddd0000 - 0x00007fff1dde5000 	C:\Program Files\Java\jdk-13.0.1\bin\VCRUNTIME140.dll
0x00007fff2e870000 - 0x00007fff2e913000 	C:\WINDOWS\System32\ADVAPI32.dll
0x00007fff2f100000 - 0x00007fff2f19e000 	C:\WINDOWS\System32\msvcrt.dll
0x00007fff2ef50000 - 0x00007fff2efe7000 	C:\WINDOWS\System32\sechost.dll
0x00007fff2e620000 - 0x00007fff2e73f000 	C:\WINDOWS\System32\RPCRT4.dll
0x00007fff2eaf0000 - 0x00007fff2ec84000 	C:\WINDOWS\System32\USER32.dll
0x00007fff2d4d0000 - 0x00007fff2d4f1000 	C:\WINDOWS\System32\win32u.dll
0x00007fff2ec90000 - 0x00007fff2ecb6000 	C:\WINDOWS\System32\GDI32.dll
0x00007fff2d840000 - 0x00007fff2d9d8000 	C:\WINDOWS\System32\gdi32full.dll
0x00007fff2d9e0000 - 0x00007fff2da7e000 	C:\WINDOWS\System32\msvcp_win.dll
0x00007fff1c9d0000 - 0x00007fff1c9da000 	C:\WINDOWS\SYSTEM32\VERSION.dll
0x00007fff2b6c0000 - 0x00007fff2b944000 	C:\WINDOWS\WinSxS\amd64_microsoft.windows.common-controls_6595b64144ccf1df_6.0.18362.1379_none_9e7ff3b3e45cc0c4\COMCTL32.dll
0x00007fff2e2e0000 - 0x00007fff2e617000 	C:\WINDOWS\System32\combase.dll
0x00007fff2d7b0000 - 0x00007fff2d831000 	C:\WINDOWS\System32\bcryptPrimitives.dll
0x00007fff2f0d0000 - 0x00007fff2f0fe000 	C:\WINDOWS\System32\IMM32.DLL
0x00007fff0ba50000 - 0x00007fff0baeb000 	C:\Program Files\Java\jdk-13.0.1\bin\msvcp140.dll
0x00007fff075c0000 - 0x00007fff08126000 	C:\Program Files\Java\jdk-13.0.1\bin\server\jvm.dll
0x00007fff2f9d0000 - 0x00007fff2f9d8000 	C:\WINDOWS\System32\PSAPI.DLL
0x00007fff1fe70000 - 0x00007fff1fe79000 	C:\WINDOWS\SYSTEM32\WSOCK32.dll
0x00007fff2ea80000 - 0x00007fff2eaef000 	C:\WINDOWS\System32\WS2_32.dll
0x00007fff29cb0000 - 0x00007fff29cd4000 	C:\WINDOWS\SYSTEM32\WINMM.dll
0x00007fff29c80000 - 0x00007fff29cad000 	C:\WINDOWS\SYSTEM32\WINMMBASE.dll
0x00007fff2d330000 - 0x00007fff2d37a000 	C:\WINDOWS\System32\cfgmgr32.dll
0x00007fff2c940000 - 0x00007fff2c951000 	C:\WINDOWS\System32\kernel.appcore.dll
0x00007fff1fb00000 - 0x00007fff1fb10000 	C:\Program Files\Java\jdk-13.0.1\bin\verify.dll
0x00007fff2c1e0000 - 0x00007fff2c3d4000 	C:\WINDOWS\SYSTEM32\DBGHELP.DLL
0x00007fff2c130000 - 0x00007fff2c15a000 	C:\WINDOWS\SYSTEM32\dbgcore.DLL
0x00007fff19aa0000 - 0x00007fff19ac6000 	C:\Program Files\Java\jdk-13.0.1\bin\java.dll
0x00007fff19b50000 - 0x00007fff19b67000 	C:\Program Files\Java\jdk-13.0.1\bin\zip.dll
0x00007fff1fa40000 - 0x00007fff1fa4a000 	C:\Program Files\Java\jdk-13.0.1\bin\jimage.dll

dbghelp: loaded successfully - version: 4.0.5 - missing functions: none
symbol engine: initialized successfully - sym options: 0x614 - pdb path: .;C:\Program Files\Java\jdk-13.0.1\bin;C:\WINDOWS\SYSTEM32;C:\WINDOWS\WinSxS\amd64_microsoft.windows.common-controls_6595b64144ccf1df_6.0.18362.1379_none_9e7ff3b3e45cc0c4;C:\Program Files\Java\jdk-13.0.1\bin\server

VM Arguments:
jvm_args: --add-modules=ALL-SYSTEM --add-opens=java.base/java.util=ALL-UNNAMED --add-opens=java.base/java.lang=ALL-UNNAMED -Declipse.application=org.eclipse.jdt.ls.core.id1 -Dosgi.bundles.defaultStartLevel=4 -Declipse.product=org.eclipse.jdt.ls.core.product -Dfile.encoding=utf8 -DwatchParentProcess=false -XX:+UseParallelGC -XX:GCTimeRatio=4 -XX:AdaptiveSizePolicyWeight=90 -Dsun.zip.disableMemoryMapping=true -Xmx1G -Xms100m 
java_command: c:\Users\Admin\.vscode\extensions\redhat.java-0.79.2\server\plugins\org.eclipse.equinox.launcher_1.6.100.v20201223-0822.jar -configuration c:\Users\Admin\AppData\Roaming\Code\User\globalStorage\redhat.java\0.79.2\config_ss_win -data c:\Users\Admin\AppData\Roaming\Code\User\workspaceStorage\c3e96b8b3617a5b3110e6d2a1b780721\redhat.java\ss_ws
java_class_path (initial): c:\Users\Admin\.vscode\extensions\redhat.java-0.79.2\server\plugins\org.eclipse.equinox.launcher_1.6.100.v20201223-0822.jar
Launcher Type: SUN_STANDARD

[Global flags]
    uintx AdaptiveSizePolicyWeight                 = 90                                        {product} {command line}
     intx CICompilerCount                          = 3                                         {product} {ergonomic}
    uintx GCTimeRatio                              = 4                                         {product} {command line}
   size_t InitialHeapSize                          = 104857600                                 {product} {command line}
   size_t MaxHeapSize                              = 1073741824                                {product} {command line}
   size_t MaxNewSize                               = 357564416                                 {product} {ergonomic}
   size_t MinHeapDeltaBytes                        = 524288                                    {product} {ergonomic}
   size_t MinHeapSize                              = 104857600                                 {product} {command line}
   size_t NewSize                                  = 34603008                                  {product} {ergonomic}
    uintx NonNMethodCodeHeapSize                   = 5830732                                {pd product} {ergonomic}
    uintx NonProfiledCodeHeapSize                  = 122913754                              {pd product} {ergonomic}
   size_t OldSize                                  = 70254592                                  {product} {ergonomic}
    uintx ProfiledCodeHeapSize                     = 122913754                              {pd product} {ergonomic}
    uintx ReservedCodeCacheSize                    = 251658240                              {pd product} {ergonomic}
     bool SegmentedCodeCache                       = true                                      {product} {ergonomic}
   size_t SoftMaxHeapSize                          = 1073741824                             {manageable} {ergonomic}
     bool UseCompressedClassPointers               = true                                 {lp64_product} {ergonomic}
     bool UseCompressedOops                        = true                                 {lp64_product} {ergonomic}
     bool UseLargePagesIndividualAllocation        = false                                  {pd product} {ergonomic}
     bool UseParallelGC                            = true                                      {product} {command line}

Logging:
Log output configuration:
 #0: stdout all=warning uptime,level,tags
 #1: stderr all=off uptime,level,tags

Environment Variables:
JAVA_HOME=C:\Program Files\Java\jdk-13.0.1
CLASSPATH=C:\Program Files (x86)\Java\jre1.8.0_231\lib;C:\Users\Admin\Desktop\elk;
PATH=C:\Program Files (x86)\Common Files\Oracle\Java\javapath;C:\ProgramData\Oracle\Java\javapath;C:\WINDOWS\system32;C:\WINDOWS;C:\WINDOWS\System32\Wbem;C:\WINDOWS\System32\WindowsPowerShell\v1.0\;C:\WINDOWS\System32\OpenSSH\;C:\Program Files\Java\jdk-13.0.1;C:\Program Files (x86)\Java\jre1.8.0_131\bin;C:\Program Files (x86)\Java\jdk1.8.0_131\bin;C:\Program Files (x86)\Java\jre1.8.0_131\lib;C:\Users\Admin\Desktop\elk;C:\Users\Admin\AppData\Local\Microsoft\WindowsApps;;C:\Users\Admin\AppData\Local\Programs\Microsoft VS Code\bin
USERNAME=Admin
OS=Windows_NT
PROCESSOR_IDENTIFIER=Intel64 Family 6 Model 42 Stepping 7, GenuineIntel



---------------  S Y S T E M  ---------------

OS: Windows 10 , 64 bit Build 18362 (10.0.18362.1350)

CPU:total 4 (initial active 4) (2 cores per cpu, 2 threads per core) family 6 model 42 stepping 7, cmov, cx8, fxsr, mmx, sse, sse2, sse3, ssse3, sse4.1, sse4.2, popcnt, avx, clmul, ht, tsc, tscinvbit

Memory: 4k page, system-wide physical 4039M (818M free)
TotalPageFile size 14554M (AvailPageFile size 59M)
current process WorkingSet (physical memory assigned to process): 14M, peak: 14M
current process commit charge ("private bytes"): 167M, peak: 168M

vm_info: Java HotSpot(TM) 64-Bit Server VM (13.0.1+9) for windows-amd64 JRE (13.0.1+9), built on Oct  6 2019 12:37:49 by "mach5one" with unknown MS VC++:1916

END.
