#
# There is insufficient memory for the Java Runtime Environment to continue.
# Native memory allocation (malloc) failed to allocate 661600 bytes for Chunk::new
# Possible reasons:
#   The system is out of physical RAM or swap space
#   The process is running with CompressedOops enabled, and the Java Heap may be blocking the growth of the native heap
# Possible solutions:
#   Reduce memory load on the system
#   Increase physical memory or swap space
#   Check if swap backing store is full
#   Decrease Java heap size (-Xmx/-Xms)
#   Decrease number of Java threads
#   Decrease Java thread stack sizes (-Xss)
#   Set larger code cache with -XX:ReservedCodeCacheSize=
#   JVM is running with Unscaled Compressed Oops mode in which the Java heap is
#     placed in the first 4GB address space. The Java Heap base address is the
#     maximum limit for the native heap growth. Please use -XX:HeapBaseMinAddress
#     to set the Java Heap base and to place the Java Heap above 4GB virtual address.
# This output file may be truncated or incomplete.
#
#  Out of Memory Error (t:/workspace/open/src/hotspot/share/memory/arena.cpp:196), pid=8788, tid=8512
#
# JRE version: Java(TM) SE Runtime Environment (13.0.1+9) (build 13.0.1+9)
# Java VM: Java HotSpot(TM) 64-Bit Server VM (13.0.1+9, mixed mode, sharing, tiered, compressed oops, parallel gc, windows-amd64)
# No core dump will be written. Minidumps are not enabled by default on client versions of Windows
#

---------------  S U M M A R Y ------------

Command Line: --add-modules=ALL-SYSTEM --add-opens=java.base/java.util=ALL-UNNAMED --add-opens=java.base/java.lang=ALL-UNNAMED -Declipse.application=org.eclipse.jdt.ls.core.id1 -Dosgi.bundles.defaultStartLevel=4 -Declipse.product=org.eclipse.jdt.ls.core.product -Dfile.encoding=utf8 -DwatchParentProcess=false -XX:+UseParallelGC -XX:GCTimeRatio=4 -XX:AdaptiveSizePolicyWeight=90 -Dsun.zip.disableMemoryMapping=true -Xmx1G -Xms100m c:\Users\Admin\.vscode\extensions\redhat.java-0.79.2\server\plugins\org.eclipse.equinox.launcher_1.6.100.v20201223-0822.jar -configuration c:\Users\Admin\AppData\Roaming\Code\User\globalStorage\redhat.java\0.79.2\config_ss_win -data c:\Users\Admin\AppData\Roaming\Code\User\workspaceStorage\c3e96b8b3617a5b3110e6d2a1b780721\redhat.java\ss_ws

Host: Intel(R) Core(TM) i3-2330M CPU @ 2.20GHz, 4 cores, 3G,  Windows 10 , 64 bit Build 18362 (10.0.18362.1350)
Time: Sat May 22 22:05:36 2021 India Standard Time elapsed time: 0 seconds (0d 0h 0m 0s)

---------------  T H R E A D  ---------------

Current thread (0x000001a2cf6a9800):  JavaThread "C2 CompilerThread1" daemon [_thread_in_native, id=8512, stack(0x0000005b3a400000,0x0000005b3a500000)]


Current CompileTask:
C2:    885  577   !   4       java.util.jar.Attributes::read (530 bytes)

Stack: [0x0000005b3a400000,0x0000005b3a500000]
Native frames: (J=compiled Java code, j=interpreted, Vv=VM code, C=native code)
V  [jvm.dll+0x626eca]
V  [jvm.dll+0x772c6a]
V  [jvm.dll+0x77441f]
V  [jvm.dll+0x774a23]
V  [jvm.dll+0x24da58]
V  [jvm.dll+0xc3ae7]
V  [jvm.dll+0xc406c]
V  [jvm.dll+0x35de75]
V  [jvm.dll+0x1a0e10]
V  [jvm.dll+0x2079d6]
V  [jvm.dll+0x206adf]
V  [jvm.dll+0x18b94c]
V  [jvm.dll+0x2159bd]
V  [jvm.dll+0x213e6b]
V  [jvm.dll+0x738b16]
V  [jvm.dll+0x731c0a]
V  [jvm.dll+0x6260c6]
C  [ucrtbase.dll+0x210b2]
C  [KERNEL32.DLL+0x17c24]
C  [ntdll.dll+0x6d721]


---------------  P R O C E S S  ---------------

Threads class SMR info:
_java_thread_list=0x000001a2cf64f3b0, length=11, elements={
0x000001a2b434b800, 0x000001a2b440a000, 0x000001a2ce3da000, 0x000001a2ce3e0000,
0x000001a2ce3e2800, 0x000001a2ce3e3800, 0x000001a2ce447000, 0x000001a2cf449000,
0x000001a2cf4d5800, 0x000001a2cf54f800, 0x000001a2cf6a9800
}

Java Threads: ( => current thread )
  0x000001a2b434b800 JavaThread "main" [_thread_in_Java, id=5632, stack(0x0000005b39700000,0x0000005b39800000)]
  0x000001a2b440a000 JavaThread "Reference Handler" daemon [_thread_blocked, id=8608, stack(0x0000005b39a00000,0x0000005b39b00000)]
  0x000001a2ce3da000 JavaThread "Finalizer" daemon [_thread_blocked, id=3716, stack(0x0000005b39b00000,0x0000005b39c00000)]
  0x000001a2ce3e0000 JavaThread "Signal Dispatcher" daemon [_thread_blocked, id=8100, stack(0x0000005b39c00000,0x0000005b39d00000)]
  0x000001a2ce3e2800 JavaThread "Attach Listener" daemon [_thread_blocked, id=9144, stack(0x0000005b39d00000,0x0000005b39e00000)]
  0x000001a2ce3e3800 JavaThread "C2 CompilerThread0" daemon [_thread_blocked, id=8080, stack(0x0000005b39e00000,0x0000005b39f00000)]
  0x000001a2ce447000 JavaThread "C1 CompilerThread0" daemon [_thread_blocked, id=13236, stack(0x0000005b39f00000,0x0000005b3a000000)]
  0x000001a2cf449000 JavaThread "Sweeper thread" daemon [_thread_blocked, id=10436, stack(0x0000005b3a000000,0x0000005b3a100000)]
  0x000001a2cf4d5800 JavaThread "Common-Cleaner" daemon [_thread_blocked, id=14132, stack(0x0000005b3a100000,0x0000005b3a200000)]
  0x000001a2cf54f800 JavaThread "Service Thread" daemon [_thread_blocked, id=13224, stack(0x0000005b3a200000,0x0000005b3a300000)]
=>0x000001a2cf6a9800 JavaThread "C2 CompilerThread1" daemon [_thread_in_native, id=8512, stack(0x0000005b3a400000,0x0000005b3a500000)]

Other Threads:
  0x000001a2ce3d0800 VMThread "VM Thread" [stack: 0x0000005b39900000,0x0000005b39a00000] [id=2020]
  0x000001a2cf550000 WatcherThread [stack: 0x0000005b3a300000,0x0000005b3a400000] [id=5936]
  0x000001a2b4365000 GCTaskThread "ParGC Thread#0" [stack: 0x0000005b39800000,0x0000005b39900000] [id=7892]

Threads with active compile tasks:
C2 CompilerThread1      940  577   !   4       java.util.jar.Attributes::read (530 bytes)

VM state:not at safepoint (normal execution)

VM Mutex/Monitor currently owned by a thread: None

Heap address: 0x00000000c0000000, size: 1024 MB, Compressed Oops mode: 32-bit
Narrow klass base: 0x0000000800000000, Narrow klass shift: 3
Compressed class space size: 1073741824 Address: 0x0000000800b40000

Heap:
 PSYoungGen      total 29696K, used 12854K [0x00000000eab00000, 0x00000000ecc00000, 0x0000000100000000)
  eden space 25600K, 50% used [0x00000000eab00000,0x00000000eb78d860,0x00000000ec400000)
  from space 4096K, 0% used [0x00000000ec800000,0x00000000ec800000,0x00000000ecc00000)
  to   space 4096K, 0% used [0x00000000ec400000,0x00000000ec400000,0x00000000ec800000)
 ParOldGen       total 68608K, used 0K [0x00000000c0000000, 0x00000000c4300000, 0x00000000eab00000)
  object space 68608K, 0% used [0x00000000c0000000,0x00000000c0000000,0x00000000c4300000)
 Metaspace       used 3873K, capacity 5363K, committed 5632K, reserved 1056768K
  class space    used 372K, capacity 494K, committed 512K, reserved 1048576K

Card table byte_map: [0x000001a2b3e40000,0x000001a2b4050000] _byte_map_base: 0x000001a2b3840000

Marking Bits: (ParMarkBitMap*) 0x00007fff0805bb10
 Begin Bits: [0x000001a2cb850000, 0x000001a2cc850000)
 End Bits:   [0x000001a2cc850000, 0x000001a2cd850000)

Polling page: 0x000001a2b2200000

Metaspace:

Usage:
  Non-class:      4.75 MB capacity,     3.42 MB ( 72%) used,     1.33 MB ( 28%) free+waste,     4.50 KB ( <1%) overhead. 
      Class:    494.00 KB capacity,   372.54 KB ( 75%) used,   118.84 KB ( 24%) free+waste,     2.63 KB ( <1%) overhead. 
       Both:      5.24 MB capacity,     3.78 MB ( 72%) used,     1.45 MB ( 28%) free+waste,     7.13 KB ( <1%) overhead. 

Virtual space:
  Non-class space:        8.00 MB reserved,       5.00 MB ( 63%) committed 
      Class space:        1.00 GB reserved,     512.00 KB ( <1%) committed 
             Both:        1.01 GB reserved,       5.50 MB ( <1%) committed 

Chunk freelists:
   Non-Class:  59.00 KB
       Class:  18.00 KB
        Both:  77.00 KB

MaxMetaspaceSize: 17179869184.00 GB
CompressedClassSpaceSize: 1.00 GB

CodeHeap 'non-profiled nmethods': size=120064Kb used=213Kb max_used=213Kb free=119850Kb
 bounds [0x000001a2c4310000, 0x000001a2c4580000, 0x000001a2cb850000]
CodeHeap 'profiled nmethods': size=120000Kb used=1076Kb max_used=1076Kb free=118923Kb
 bounds [0x000001a2bcde0000, 0x000001a2bd050000, 0x000001a2c4310000]
CodeHeap 'non-nmethods': size=5696Kb used=1138Kb max_used=1149Kb free=4557Kb
 bounds [0x000001a2bc850000, 0x000001a2bcac0000, 0x000001a2bcde0000]
 total_blobs=1518 nmethods=683 adapters=294
 compilation: enabled
              stopped_count=0, restarted_count=0
 full_count=0

Compilation events (20 events):
Event: 0.828 Thread 0x000001a2ce447000  623       3       java.lang.ClassLoader::findLoadedClass (16 bytes)
Event: 0.829 Thread 0x000001a2ce447000 nmethod 623 0x000001a2bced3610 code [0x000001a2bced37e0, 0x000001a2bced3a40]
Event: 0.830 Thread 0x000001a2ce447000  626       1       java.security.CodeSource::getLocationNoFragString (5 bytes)
Event: 0.830 Thread 0x000001a2ce447000 nmethod 626 0x000001a2c4340c90 code [0x000001a2c4340e20, 0x000001a2c4340f58]
Event: 0.840 Thread 0x000001a2ce447000  627       3       java.lang.ref.Reference::<init> (7 bytes)
Event: 0.840 Thread 0x000001a2ce447000 nmethod 627 0x000001a2bced3b10 code [0x000001a2bced3cc0, 0x000001a2bced3f58]
Event: 0.849 Thread 0x000001a2ce447000  628       1       java.net.URL::getHost (5 bytes)
Event: 0.850 Thread 0x000001a2ce447000 nmethod 628 0x000001a2c4341010 code [0x000001a2c43411a0, 0x000001a2c43412d8]
Event: 0.850 Thread 0x000001a2ce447000  629       1       java.util.concurrent.CopyOnWriteArrayList::getArray (5 bytes)
Event: 0.850 Thread 0x000001a2ce447000 nmethod 629 0x000001a2c4341390 code [0x000001a2c4341520, 0x000001a2c4341658]
Event: 0.850 Thread 0x000001a2ce447000  630       3       java.util.ArrayList::iterator (9 bytes)
Event: 0.850 Thread 0x000001a2ce447000 nmethod 630 0x000001a2bced4090 code [0x000001a2bced4240, 0x000001a2bced4518]
Event: 0.850 Thread 0x000001a2ce447000  631       3       java.util.ArrayList$Itr::<init> (26 bytes)
Event: 0.851 Thread 0x000001a2ce447000 nmethod 631 0x000001a2bced4610 code [0x000001a2bced47c0, 0x000001a2bced49d8]
Event: 0.852 Thread 0x000001a2ce447000  632       3       java.io.WinNTFileSystem::normalize (143 bytes)
Event: 0.854 Thread 0x000001a2ce447000 nmethod 632 0x000001a2bced4b10 code [0x000001a2bced4d80, 0x000001a2bced5960]
Event: 0.862 Thread 0x000001a2ce447000  633 %     3       java.util.Properties$LineReader::readLine @ 53 (584 bytes)
Event: 0.869 Thread 0x000001a2ce447000 nmethod 633% 0x000001a2bced5e10 code [0x000001a2bced6200, 0x000001a2bced9360]
Event: 0.870 Thread 0x000001a2ce447000  634       1       java.util.zip.ZipEntry::getSize (5 bytes)
Event: 0.870 Thread 0x000001a2ce447000 nmethod 634 0x000001a2c4341710 code [0x000001a2c43418a0, 0x000001a2c43419d8]

GC Heap History (0 events):
No events

Deoptimization events (20 events):
Event: 0.601 Thread 0x000001a2b434b800 DEOPT PACKING pc=0x000001a2bce2a5d0 sp=0x0000005b397fe5a0
Event: 0.601 Thread 0x000001a2b434b800 DEOPT UNPACKING pc=0x000001a2bc89964e sp=0x0000005b397fda28 mode 0
Event: 0.602 Thread 0x000001a2b434b800 DEOPT PACKING pc=0x000001a2bce2a5d0 sp=0x0000005b397fe5c0
Event: 0.602 Thread 0x000001a2b434b800 DEOPT UNPACKING pc=0x000001a2bc89964e sp=0x0000005b397fda48 mode 0
Event: 0.755 Thread 0x000001a2b434b800 DEOPT PACKING pc=0x000001a2bce8d49a sp=0x0000005b397fd720
Event: 0.755 Thread 0x000001a2b434b800 DEOPT UNPACKING pc=0x000001a2bc89964e sp=0x0000005b397fcb90 mode 0
Event: 0.756 Thread 0x000001a2b434b800 DEOPT PACKING pc=0x000001a2bce8d49a sp=0x0000005b397fd720
Event: 0.756 Thread 0x000001a2b434b800 DEOPT UNPACKING pc=0x000001a2bc89964e sp=0x0000005b397fcb90 mode 0
Event: 0.756 Thread 0x000001a2b434b800 DEOPT PACKING pc=0x000001a2bce8d49a sp=0x0000005b397fd720
Event: 0.756 Thread 0x000001a2b434b800 DEOPT UNPACKING pc=0x000001a2bc89964e sp=0x0000005b397fcb90 mode 0
Event: 0.757 Thread 0x000001a2b434b800 DEOPT PACKING pc=0x000001a2bce8d49a sp=0x0000005b397fd720
Event: 0.757 Thread 0x000001a2b434b800 DEOPT UNPACKING pc=0x000001a2bc89964e sp=0x0000005b397fcb90 mode 0
Event: 0.757 Thread 0x000001a2b434b800 DEOPT PACKING pc=0x000001a2bce8d49a sp=0x0000005b397fd720
Event: 0.757 Thread 0x000001a2b434b800 DEOPT UNPACKING pc=0x000001a2bc89964e sp=0x0000005b397fcb90 mode 0
Event: 0.758 Thread 0x000001a2b434b800 DEOPT PACKING pc=0x000001a2bce8d49a sp=0x0000005b397fd720
Event: 0.758 Thread 0x000001a2b434b800 DEOPT UNPACKING pc=0x000001a2bc89964e sp=0x0000005b397fcb90 mode 0
Event: 0.758 Thread 0x000001a2b434b800 DEOPT PACKING pc=0x000001a2bce8d49a sp=0x0000005b397fd720
Event: 0.758 Thread 0x000001a2b434b800 DEOPT UNPACKING pc=0x000001a2bc89964e sp=0x0000005b397fcb90 mode 0
Event: 0.759 Thread 0x000001a2b434b800 DEOPT PACKING pc=0x000001a2bce8d49a sp=0x0000005b397fd720
Event: 0.759 Thread 0x000001a2b434b800 DEOPT UNPACKING pc=0x000001a2bc89964e sp=0x0000005b397fcb90 mode 0

Classes unloaded (0 events):
No events

Classes redefined (0 events):
No events

Internal exceptions (10 events):
Event: 0.487 Thread 0x000001a2b434b800 Exception <a 'java/lang/ClassNotFoundException'{0x00000000eaeb00d0}: sun/net/www/protocol/c/Handler> (0x00000000eaeb00d0) 
thrown [t:/workspace/open/src/hotspot/share/classfile/systemDictionary.cpp, line 232]
Event: 0.496 Thread 0x000001a2b434b800 Exception <a 'java/io/FileNotFoundException'{0x00000000eaebe8e0}> (0x00000000eaebe8e0) 
thrown [t:/workspace/open/src/hotspot/share/prims/jni.cpp, line 598]
Event: 0.496 Thread 0x000001a2b434b800 Exception <a 'java/io/FileNotFoundException'{0x00000000eaebf5b0}> (0x00000000eaebf5b0) 
thrown [t:/workspace/open/src/hotspot/share/prims/jni.cpp, line 598]
Event: 0.497 Thread 0x000001a2b434b800 Exception <a 'java/io/FileNotFoundException'{0x00000000eaec0230}> (0x00000000eaec0230) 
thrown [t:/workspace/open/src/hotspot/share/prims/jni.cpp, line 598]
Event: 0.497 Thread 0x000001a2b434b800 Exception <a 'java/io/FileNotFoundException'{0x00000000eaec0ec8}> (0x00000000eaec0ec8) 
thrown [t:/workspace/open/src/hotspot/share/prims/jni.cpp, line 598]
Event: 0.512 Thread 0x000001a2b434b800 Exception <a 'java/io/FileNotFoundException'{0x00000000eaedd078}> (0x00000000eaedd078) 
thrown [t:/workspace/open/src/hotspot/share/prims/jni.cpp, line 598]
Event: 0.849 Thread 0x000001a2b434b800 Exception <a 'java/lang/ClassNotFoundException'{0x00000000eb67cdd8}: sun/net/www/protocol/c/Handler> (0x00000000eb67cdd8) 
thrown [t:/workspace/open/src/hotspot/share/classfile/systemDictionary.cpp, line 232]
Event: 0.850 Thread 0x000001a2b434b800 Exception <a 'java/lang/ClassNotFoundException'{0x00000000eb67e1c0}: sun/net/www/protocol/f/Handler> (0x00000000eb67e1c0) 
thrown [t:/workspace/open/src/hotspot/share/classfile/systemDictionary.cpp, line 232]
Event: 0.851 Thread 0x000001a2b434b800 Exception <a 'java/lang/ClassNotFoundException'{0x00000000eb67f400}: sun/net/www/protocol/c/Handler> (0x00000000eb67f400) 
thrown [t:/workspace/open/src/hotspot/share/classfile/systemDictionary.cpp, line 232]
Event: 0.866 Thread 0x000001a2b434b800 Exception <a 'java/io/FileNotFoundException'{0x00000000eb697070}> (0x00000000eb697070) 
thrown [t:/workspace/open/src/hotspot/share/prims/jni.cpp, line 598]

Events (20 events):
Event: 0.845 loading class org/eclipse/osgi/internal/location/BasicLocation
Event: 0.845 loading class org/eclipse/osgi/internal/location/BasicLocation done
Event: 0.849 loading class sun/net/www/protocol/c/Handler
Event: 0.849 loading class sun/net/www/protocol/c/Handler done
Event: 0.850 loading class sun/net/www/protocol/f/Handler
Event: 0.850 loading class sun/net/www/protocol/f/Handler done
Event: 0.851 loading class sun/net/www/protocol/c/Handler
Event: 0.851 loading class sun/net/www/protocol/c/Handler done
Event: 0.855 loading class org/eclipse/osgi/storage/StorageUtil
Event: 0.855 loading class org/eclipse/osgi/storage/StorageUtil done
Event: 0.866 loading class org/eclipse/osgi/internal/debug/FrameworkDebugOptions
Event: 0.866 loading class org/eclipse/osgi/internal/debug/FrameworkDebugOptions done
Event: 0.868 loading class org/osgi/util/tracker/ServiceTrackerCustomizer
Event: 0.868 loading class org/osgi/util/tracker/ServiceTrackerCustomizer done
Event: 0.869 loading class org/eclipse/osgi/service/debug/DebugTrace
Event: 0.869 loading class org/eclipse/osgi/service/debug/DebugTrace done
Event: 0.871 loading class org/eclipse/osgi/internal/debug/Debug
Event: 0.871 loading class org/eclipse/osgi/internal/debug/Debug done
Event: 0.872 loading class org/eclipse/osgi/service/debug/DebugOptionsListener
Event: 0.872 loading class org/eclipse/osgi/service/debug/DebugOptionsListener done


Dynamic libraries:
0x00007ff6b4260000 - 0x00007ff6b426f000 	C:\Program Files\Java\jdk-13.0.1\bin\java.exe
0x00007fff2fa80000 - 0x00007fff2fc70000 	C:\WINDOWS\SYSTEM32\ntdll.dll
0x00007fff2f910000 - 0x00007fff2f9c2000 	C:\WINDOWS\System32\KERNEL32.DLL
0x00007fff2d500000 - 0x00007fff2d7a5000 	C:\WINDOWS\System32\KERNELBASE.dll
0x00007fff2d230000 - 0x00007fff2d32a000 	C:\WINDOWS\System32\ucrtbase.dll
0x00007fff1ddd0000 - 0x00007fff1dde5000 	C:\Program Files\Java\jdk-13.0.1\bin\VCRUNTIME140.dll
0x00007fff1fa50000 - 0x00007fff1fa68000 	C:\Program Files\Java\jdk-13.0.1\bin\jli.dll
0x00007fff2e870000 - 0x00007fff2e913000 	C:\WINDOWS\System32\ADVAPI32.dll
0x00007fff2f100000 - 0x00007fff2f19e000 	C:\WINDOWS\System32\msvcrt.dll
0x00007fff2ef50000 - 0x00007fff2efe7000 	C:\WINDOWS\System32\sechost.dll
0x00007fff2e620000 - 0x00007fff2e73f000 	C:\WINDOWS\System32\RPCRT4.dll
0x00007fff2eaf0000 - 0x00007fff2ec84000 	C:\WINDOWS\System32\USER32.dll
0x00007fff2d4d0000 - 0x00007fff2d4f1000 	C:\WINDOWS\System32\win32u.dll
0x00007fff2ec90000 - 0x00007fff2ecb6000 	C:\WINDOWS\System32\GDI32.dll
0x00007fff2d840000 - 0x00007fff2d9d8000 	C:\WINDOWS\System32\gdi32full.dll
0x00007fff2d9e0000 - 0x00007fff2da7e000 	C:\WINDOWS\System32\msvcp_win.dll
0x00007fff2b6c0000 - 0x00007fff2b944000 	C:\WINDOWS\WinSxS\amd64_microsoft.windows.common-controls_6595b64144ccf1df_6.0.18362.1379_none_9e7ff3b3e45cc0c4\COMCTL32.dll
0x00007fff2e2e0000 - 0x00007fff2e617000 	C:\WINDOWS\System32\combase.dll
0x00007fff2d7b0000 - 0x00007fff2d831000 	C:\WINDOWS\System32\bcryptPrimitives.dll
0x00007fff1c9d0000 - 0x00007fff1c9da000 	C:\WINDOWS\SYSTEM32\VERSION.dll
0x00007fff2f0d0000 - 0x00007fff2f0fe000 	C:\WINDOWS\System32\IMM32.DLL
0x00007fff0ba50000 - 0x00007fff0baeb000 	C:\Program Files\Java\jdk-13.0.1\bin\msvcp140.dll
0x00007fff075c0000 - 0x00007fff08126000 	C:\Program Files\Java\jdk-13.0.1\bin\server\jvm.dll
0x00007fff2f9d0000 - 0x00007fff2f9d8000 	C:\WINDOWS\System32\PSAPI.DLL
0x00007fff29cb0000 - 0x00007fff29cd4000 	C:\WINDOWS\SYSTEM32\WINMM.dll
0x00007fff1fe70000 - 0x00007fff1fe79000 	C:\WINDOWS\SYSTEM32\WSOCK32.dll
0x00007fff2ea80000 - 0x00007fff2eaef000 	C:\WINDOWS\System32\WS2_32.dll
0x00007fff29c80000 - 0x00007fff29cad000 	C:\WINDOWS\SYSTEM32\WINMMBASE.dll
0x00007fff2d330000 - 0x00007fff2d37a000 	C:\WINDOWS\System32\cfgmgr32.dll
0x00007fff2c940000 - 0x00007fff2c951000 	C:\WINDOWS\System32\kernel.appcore.dll
0x00007fff1fb00000 - 0x00007fff1fb10000 	C:\Program Files\Java\jdk-13.0.1\bin\verify.dll
0x00007fff2c1e0000 - 0x00007fff2c3d4000 	C:\WINDOWS\SYSTEM32\DBGHELP.DLL
0x00007fff2c130000 - 0x00007fff2c15a000 	C:\WINDOWS\SYSTEM32\dbgcore.DLL
0x00007fff19aa0000 - 0x00007fff19ac6000 	C:\Program Files\Java\jdk-13.0.1\bin\java.dll
0x00007fff19b50000 - 0x00007fff19b67000 	C:\Program Files\Java\jdk-13.0.1\bin\zip.dll
0x00007fff1fa40000 - 0x00007fff1fa4a000 	C:\Program Files\Java\jdk-13.0.1\bin\jimage.dll
0x00007fff2db30000 - 0x00007fff2e218000 	C:\WINDOWS\System32\SHELL32.dll
0x00007fff2eea0000 - 0x00007fff2ef47000 	C:\WINDOWS\System32\shcore.dll
0x00007fff2ca20000 - 0x00007fff2d19b000 	C:\WINDOWS\System32\windows.storage.dll
0x00007fff2c960000 - 0x00007fff2c983000 	C:\WINDOWS\System32\profapi.dll
0x00007fff2c990000 - 0x00007fff2c9da000 	C:\WINDOWS\System32\powrprof.dll
0x00007fff2c930000 - 0x00007fff2c940000 	C:\WINDOWS\System32\UMPDC.dll
0x00007fff2e810000 - 0x00007fff2e862000 	C:\WINDOWS\System32\shlwapi.dll
0x00007fff2ca00000 - 0x00007fff2ca17000 	C:\WINDOWS\System32\cryptsp.dll
0x00007fff19a80000 - 0x00007fff19a99000 	C:\Program Files\Java\jdk-13.0.1\bin\net.dll
0x00007fff1fc00000 - 0x00007fff1fcf0000 	C:\WINDOWS\SYSTEM32\WINHTTP.dll
0x00007fff2bd40000 - 0x00007fff2bda7000 	C:\WINDOWS\system32\mswsock.dll
0x00007fff199a0000 - 0x00007fff199b3000 	C:\Program Files\Java\jdk-13.0.1\bin\nio.dll

dbghelp: loaded successfully - version: 4.0.5 - missing functions: none
symbol engine: initialized successfully - sym options: 0x614 - pdb path: .;C:\Program Files\Java\jdk-13.0.1\bin;C:\WINDOWS\SYSTEM32;C:\WINDOWS\WinSxS\amd64_microsoft.windows.common-controls_6595b64144ccf1df_6.0.18362.1379_none_9e7ff3b3e45cc0c4;C:\Program Files\Java\jdk-13.0.1\bin\server

VM Arguments:
jvm_args: --add-modules=ALL-SYSTEM --add-opens=java.base/java.util=ALL-UNNAMED --add-opens=java.base/java.lang=ALL-UNNAMED -Declipse.application=org.eclipse.jdt.ls.core.id1 -Dosgi.bundles.defaultStartLevel=4 -Declipse.product=org.eclipse.jdt.ls.core.product -Dfile.encoding=utf8 -DwatchParentProcess=false -XX:+UseParallelGC -XX:GCTimeRatio=4 -XX:AdaptiveSizePolicyWeight=90 -Dsun.zip.disableMemoryMapping=true -Xmx1G -Xms100m 
java_command: c:\Users\Admin\.vscode\extensions\redhat.java-0.79.2\server\plugins\org.eclipse.equinox.launcher_1.6.100.v20201223-0822.jar -configuration c:\Users\Admin\AppData\Roaming\Code\User\globalStorage\redhat.java\0.79.2\config_ss_win -data c:\Users\Admin\AppData\Roaming\Code\User\workspaceStorage\c3e96b8b3617a5b3110e6d2a1b780721\redhat.java\ss_ws
java_class_path (initial): c:\Users\Admin\.vscode\extensions\redhat.java-0.79.2\server\plugins\org.eclipse.equinox.launcher_1.6.100.v20201223-0822.jar
Launcher Type: SUN_STANDARD

[Global flags]
    uintx AdaptiveSizePolicyWeight                 = 90                                        {product} {command line}
     intx CICompilerCount                          = 3                                         {product} {ergonomic}
    uintx GCTimeRatio                              = 4                                         {product} {command line}
   size_t InitialHeapSize                          = 104857600                                 {product} {command line}
   size_t MaxHeapSize                              = 1073741824                                {product} {command line}
   size_t MaxNewSize                               = 357564416                                 {product} {ergonomic}
   size_t MinHeapDeltaBytes                        = 524288                                    {product} {ergonomic}
   size_t MinHeapSize                              = 104857600                                 {product} {command line}
   size_t NewSize                                  = 34603008                                  {product} {ergonomic}
    uintx NonNMethodCodeHeapSize                   = 5830732                                {pd product} {ergonomic}
    uintx NonProfiledCodeHeapSize                  = 122913754                              {pd product} {ergonomic}
   size_t OldSize                                  = 70254592                                  {product} {ergonomic}
    uintx ProfiledCodeHeapSize                     = 122913754                              {pd product} {ergonomic}
    uintx ReservedCodeCacheSize                    = 251658240                              {pd product} {ergonomic}
     bool SegmentedCodeCache                       = true                                      {product} {ergonomic}
   size_t SoftMaxHeapSize                          = 1073741824                             {manageable} {ergonomic}
     bool UseCompressedClassPointers               = true                                 {lp64_product} {ergonomic}
     bool UseCompressedOops                        = true                                 {lp64_product} {ergonomic}
     bool UseLargePagesIndividualAllocation        = false                                  {pd product} {ergonomic}
     bool UseParallelGC                            = true                                      {product} {command line}

Logging:
Log output configuration:
 #0: stdout all=warning uptime,level,tags
 #1: stderr all=off uptime,level,tags

Environment Variables:
JAVA_HOME=C:\Program Files\Java\jdk-13.0.1
CLASSPATH=C:\Program Files (x86)\Java\jre1.8.0_231\lib;C:\Users\Admin\Desktop\elk;
PATH=C:\Program Files (x86)\Common Files\Oracle\Java\javapath;C:\ProgramData\Oracle\Java\javapath;C:\WINDOWS\system32;C:\WINDOWS;C:\WINDOWS\System32\Wbem;C:\WINDOWS\System32\WindowsPowerShell\v1.0\;C:\WINDOWS\System32\OpenSSH\;C:\Program Files\Java\jdk-13.0.1;C:\Program Files (x86)\Java\jre1.8.0_131\bin;C:\Program Files (x86)\Java\jdk1.8.0_131\bin;C:\Program Files (x86)\Java\jre1.8.0_131\lib;C:\Users\Admin\Desktop\elk;C:\Users\Admin\AppData\Local\Microsoft\WindowsApps;;C:\Users\Admin\AppData\Local\Programs\Microsoft VS Code\bin
USERNAME=Admin
OS=Windows_NT
PROCESSOR_IDENTIFIER=Intel64 Family 6 Model 42 Stepping 7, GenuineIntel



---------------  S Y S T E M  ---------------

OS: Windows 10 , 64 bit Build 18362 (10.0.18362.1350)

CPU:total 4 (initial active 4) (2 cores per cpu, 2 threads per core) family 6 model 42 stepping 7, cmov, cx8, fxsr, mmx, sse, sse2, sse3, ssse3, sse4.1, sse4.2, popcnt, avx, clmul, ht, tsc, tscinvbit

Memory: 4k page, system-wide physical 4039M (535M free)
TotalPageFile size 14554M (AvailPageFile size 4M)
current process WorkingSet (physical memory assigned to process): 54M, peak: 54M
current process commit charge ("private bytes"): 189M, peak: 190M

vm_info: Java HotSpot(TM) 64-Bit Server VM (13.0.1+9) for windows-amd64 JRE (13.0.1+9), built on Oct  6 2019 12:37:49 by "mach5one" with unknown MS VC++:1916

END.
