#
# There is insufficient memory for the Java Runtime Environment to continue.
# Native memory allocation (malloc) failed to allocate 32744 bytes for ChunkPool::allocate
# Possible reasons:
#   The system is out of physical RAM or swap space
#   The process is running with CompressedOops enabled, and the Java Heap may be blocking the growth of the native heap
# Possible solutions:
#   Reduce memory load on the system
#   Increase physical memory or swap space
#   Check if swap backing store is full
#   Decrease Java heap size (-Xmx/-Xms)
#   Decrease number of Java threads
#   Decrease Java thread stack sizes (-Xss)
#   Set larger code cache with -XX:ReservedCodeCacheSize=
#   JVM is running with Unscaled Compressed Oops mode in which the Java heap is
#     placed in the first 4GB address space. The Java Heap base address is the
#     maximum limit for the native heap growth. Please use -XX:HeapBaseMinAddress
#     to set the Java Heap base and to place the Java Heap above 4GB virtual address.
# This output file may be truncated or incomplete.
#
#  Out of Memory Error (t:/workspace/open/src/hotspot/share/memory/arena.cpp:80), pid=14056, tid=2816
#
# JRE version: Java(TM) SE Runtime Environment (13.0.1+9) (build 13.0.1+9)
# Java VM: Java HotSpot(TM) 64-Bit Server VM (13.0.1+9, mixed mode, sharing, tiered, compressed oops, parallel gc, windows-amd64)
# No core dump will be written. Minidumps are not enabled by default on client versions of Windows
#

---------------  S U M M A R Y ------------

Command Line: --add-modules=ALL-SYSTEM --add-opens=java.base/java.util=ALL-UNNAMED --add-opens=java.base/java.lang=ALL-UNNAMED -Declipse.application=org.eclipse.jdt.ls.core.id1 -Dosgi.bundles.defaultStartLevel=4 -Declipse.product=org.eclipse.jdt.ls.core.product -Dfile.encoding=utf8 -DwatchParentProcess=false -XX:+UseParallelGC -XX:GCTimeRatio=4 -XX:AdaptiveSizePolicyWeight=90 -Dsun.zip.disableMemoryMapping=true -Xmx1G -Xms100m c:\Users\Admin\.vscode\extensions\redhat.java-0.79.2\server\plugins\org.eclipse.equinox.launcher_1.6.100.v20201223-0822.jar -configuration c:\Users\Admin\AppData\Roaming\Code\User\globalStorage\redhat.java\0.79.2\config_win -data c:\Users\Admin\AppData\Roaming\Code\User\workspaceStorage\c3e96b8b3617a5b3110e6d2a1b780721\redhat.java\jdt_ws

Host: Intel(R) Core(TM) i3-2330M CPU @ 2.20GHz, 4 cores, 3G,  Windows 10 , 64 bit Build 18362 (10.0.18362.1350)
Time: Sat May 22 22:05:33 2021 India Standard Time elapsed time: 1 seconds (0d 0h 0m 1s)

---------------  T H R E A D  ---------------

Current thread (0x000001c3610b8800):  JavaThread "C2 CompilerThread1" daemon [_thread_in_native, id=2816, stack(0x0000009f21e00000,0x0000009f21f00000)]


Current CompileTask:
C2:   1399  576   !   4       java.util.jar.Attributes::read (530 bytes)

Stack: [0x0000009f21e00000,0x0000009f21f00000]
Native frames: (J=compiled Java code, j=interpreted, Vv=VM code, C=native code)
V  [jvm.dll+0x626eca]
V  [jvm.dll+0x772c6a]
V  [jvm.dll+0x77441f]
V  [jvm.dll+0x774a23]
V  [jvm.dll+0x24da58]
V  [jvm.dll+0xc3d16]
V  [jvm.dll+0xc406c]
V  [jvm.dll+0x2be24b]
V  [combase.dll+0x63b477]
V  [jvm.dll+0x63bc37]
V  [jvm.dll+0x63b26c]
V  [jvm.dll+0x63910d]
V  [jvm.dll+0x18e1ec]
V  [jvm.dll+0x206763]
V  [jvm.dll+0x18b94c]
V  [jvm.dll+0x2159bd]
V  [jvm.dll+0x213e6b]
V  [jvm.dll+0x738b16]
V  [jvm.dll+0x731c0a]
V  [jvm.dll+0x6260c6]
C  [ucrtbase.dll+0x210b2]
C  [KERNEL32.DLL+0x17c24]
C  [ntdll.dll+0x6d721]


---------------  P R O C E S S  ---------------

Threads class SMR info:
_java_thread_list=0x000001c360fbb3d0, length=11, elements={
0x000001c34385e800, 0x000001c34391c800, 0x000001c343922000, 0x000001c35f76a800,
0x000001c35f76d000, 0x000001c35f76e800, 0x000001c35f774000, 0x000001c35f788800,
0x000001c360d91000, 0x000001c360e15800, 0x000001c3610b8800
}

Java Threads: ( => current thread )
  0x000001c34385e800 JavaThread "main" [_thread_in_vm, id=9484, stack(0x0000009f21000000,0x0000009f21100000)]
  0x000001c34391c800 JavaThread "Reference Handler" daemon [_thread_blocked, id=13012, stack(0x0000009f21300000,0x0000009f21400000)]
  0x000001c343922000 JavaThread "Finalizer" daemon [_thread_blocked, id=10524, stack(0x0000009f21400000,0x0000009f21500000)]
  0x000001c35f76a800 JavaThread "Signal Dispatcher" daemon [_thread_blocked, id=6112, stack(0x0000009f21500000,0x0000009f21600000)]
  0x000001c35f76d000 JavaThread "Attach Listener" daemon [_thread_blocked, id=5452, stack(0x0000009f21600000,0x0000009f21700000)]
  0x000001c35f76e800 JavaThread "C2 CompilerThread0" daemon [_thread_in_native, id=13692, stack(0x0000009f21700000,0x0000009f21800000)]
  0x000001c35f774000 JavaThread "C1 CompilerThread0" daemon [_thread_blocked, id=11976, stack(0x0000009f21800000,0x0000009f21900000)]
  0x000001c35f788800 JavaThread "Sweeper thread" daemon [_thread_blocked, id=2488, stack(0x0000009f21900000,0x0000009f21a00000)]
  0x000001c360d91000 JavaThread "Common-Cleaner" daemon [_thread_blocked, id=6924, stack(0x0000009f21a00000,0x0000009f21b00000)]
  0x000001c360e15800 JavaThread "Service Thread" daemon [_thread_blocked, id=10624, stack(0x0000009f21b00000,0x0000009f21c00000)]
=>0x000001c3610b8800 JavaThread "C2 CompilerThread1" daemon [_thread_in_native, id=2816, stack(0x0000009f21e00000,0x0000009f21f00000)]

Other Threads:
  0x000001c35f760800 VMThread "VM Thread" [stack: 0x0000009f21200000,0x0000009f21300000] [id=5764]
  0x000001c360ece800 WatcherThread [stack: 0x0000009f21c00000,0x0000009f21d00000] [id=12076]
  0x000001c343878000 GCTaskThread "ParGC Thread#0" [stack: 0x0000009f21100000,0x0000009f21200000] [id=352]
  0x000001c360f30800 GCTaskThread "ParGC Thread#1" [stack: 0x0000009f21d00000,0x0000009f21e00000] [id=4280]

Threads with active compile tasks:
C2 CompilerThread0     1493  574   !   4       java.lang.StringCoding::decode (300 bytes)
C2 CompilerThread1     1493  576   !   4       java.util.jar.Attributes::read (530 bytes)

VM state:not at safepoint (normal execution)

VM Mutex/Monitor currently owned by a thread:  ([mutex/lock_event])
[0x000001c34385d630] AdapterHandlerLibrary_lock - owner thread: 0x000001c34385e800

Heap address: 0x00000000c0000000, size: 1024 MB, Compressed Oops mode: 32-bit
Narrow klass base: 0x0000000800000000, Narrow klass shift: 3
Compressed class space size: 1073741824 Address: 0x0000000800b40000

Heap:
 PSYoungGen      total 29696K, used 4722K [0x00000000eab00000, 0x00000000ecc00000, 0x0000000100000000)
  eden space 25600K, 18% used [0x00000000eab00000,0x00000000eaf9ca68,0x00000000ec400000)
  from space 4096K, 0% used [0x00000000ec400000,0x00000000ec400000,0x00000000ec800000)
  to   space 4096K, 0% used [0x00000000ec800000,0x00000000ec800000,0x00000000ecc00000)
 ParOldGen       total 68608K, used 1895K [0x00000000c0000000, 0x00000000c4300000, 0x00000000eab00000)
  object space 68608K, 2% used [0x00000000c0000000,0x00000000c01d9f48,0x00000000c4300000)
 Metaspace       used 3536K, capacity 3808K, committed 4096K, reserved 1067008K
  class space    used 335K, capacity 461K, committed 512K, reserved 1048576K

Card table byte_map: [0x000001c35c870000,0x000001c35ca80000] _byte_map_base: 0x000001c35c270000

Marking Bits: (ParMarkBitMap*) 0x00007fff0805bb10
 Begin Bits: [0x000001c35cbe0000, 0x000001c35dbe0000)
 End Bits:   [0x000001c35dbe0000, 0x000001c35ebe0000)

Polling page: 0x000001c343720000

Metaspace:

Usage:
  Non-class:      3.27 MB capacity,     3.13 MB ( 96%) used,   138.66 KB (  4%) free+waste,     7.06 KB ( <1%) overhead. 
      Class:    461.00 KB capacity,   335.22 KB ( 73%) used,   123.28 KB ( 27%) free+waste,     2.50 KB ( <1%) overhead. 
       Both:      3.72 MB capacity,     3.45 MB ( 93%) used,   261.94 KB (  7%) free+waste,     9.56 KB ( <1%) overhead. 

Virtual space:
  Non-class space:       18.00 MB reserved,       3.50 MB ( 19%) committed 
      Class space:        1.00 GB reserved,     512.00 KB ( <1%) committed 
             Both:        1.02 GB reserved,       4.00 MB ( <1%) committed 

Chunk freelists:
   Non-Class:  45.00 KB
       Class:  19.00 KB
        Both:  64.00 KB

MaxMetaspaceSize: 17179869184.00 GB
CompressedClassSpaceSize: 1.00 GB

CodeHeap 'non-profiled nmethods': size=120064Kb used=175Kb max_used=175Kb free=119888Kb
 bounds [0x000001c355010000, 0x000001c355280000, 0x000001c35c550000]
CodeHeap 'profiled nmethods': size=120000Kb used=967Kb max_used=967Kb free=119032Kb
 bounds [0x000001c34dae0000, 0x000001c34dd50000, 0x000001c355010000]
CodeHeap 'non-nmethods': size=5696Kb used=1136Kb max_used=1136Kb free=4559Kb
 bounds [0x000001c34d550000, 0x000001c34d7c0000, 0x000001c34dae0000]
 total_blobs=1418 nmethods=611 adapters=292
 compilation: enabled
              stopped_count=0, restarted_count=0
 full_count=0

Compilation events (20 events):
Event: 1.380 Thread 0x000001c35f774000 nmethod 579 0x000001c34dbc0310 code [0x000001c34dbc04e0, 0x000001c34dbc0860]
Event: 1.380 Thread 0x000001c3610b8800  576   !   4       java.util.jar.Attributes::read (530 bytes)
Event: 1.380 Thread 0x000001c35f774000  581       3       java.util.LinkedHashMap$LinkedEntryIterator::next (5 bytes)
Event: 1.381 Thread 0x000001c35f774000 nmethod 581 0x000001c34dbc0a10 code [0x000001c34dbc0bc0, 0x000001c34dbc0dd0]
Event: 1.382 Thread 0x000001c35f774000  582       3       java.util.LinkedHashMap$LinkedHashIterator::<init> (31 bytes)
Event: 1.382 Thread 0x000001c35f774000 nmethod 582 0x000001c34dbc0e90 code [0x000001c34dbc1040, 0x000001c34dbc1278]
Event: 1.383 Thread 0x000001c35f774000  583       3       java.util.jar.Attributes::entrySet (10 bytes)
Event: 1.383 Thread 0x000001c35f774000 nmethod 583 0x000001c34dbc1390 code [0x000001c34dbc1540, 0x000001c34dbc1790]
Event: 1.383 Thread 0x000001c35f774000  584       3       java.util.LinkedHashMap::entrySet (27 bytes)
Event: 1.383 Thread 0x000001c35f774000 nmethod 584 0x000001c34dbc1890 code [0x000001c34dbc1a60, 0x000001c34dbc1e58]
Event: 1.383 Thread 0x000001c35f774000  585       3       java.util.LinkedHashMap$LinkedEntrySet::iterator (12 bytes)
Event: 1.384 Thread 0x000001c35f774000 nmethod 585 0x000001c34dbc1f90 code [0x000001c34dbc2140, 0x000001c34dbc2498]
Event: 1.384 Thread 0x000001c35f774000  586       3       java.util.HashMap::putMapEntries (167 bytes)
Event: 1.386 Thread 0x000001c35f774000 nmethod 586 0x000001c34dbc2610 code [0x000001c34dbc28e0, 0x000001c34dbc37f0]
Event: 1.386 Thread 0x000001c35f76e800 nmethod 573 0x000001c355039a90 code [0x000001c355039c60, 0x000001c35503a338]
Event: 1.386 Thread 0x000001c35f76e800  574   !   4       java.lang.StringCoding::decode (300 bytes)
Event: 1.386 Thread 0x000001c35f774000  587       3       java.util.LinkedHashMap::<init> (16 bytes)
Event: 1.387 Thread 0x000001c35f774000 nmethod 587 0x000001c34dbc3c10 code [0x000001c34dbc3de0, 0x000001c34dbc40d0]
Event: 1.387 Thread 0x000001c35f774000  588       3       java.util.jar.Attributes::clone (9 bytes)
Event: 1.387 Thread 0x000001c35f774000 nmethod 588 0x000001c34dbc4210 code [0x000001c34dbc4400, 0x000001c34dbc4930]

GC Heap History (4 events):
Event: 1.314 GC heap before
{Heap before GC invocations=1 (full 0):
 PSYoungGen      total 29696K, used 8263K [0x00000000eab00000, 0x00000000ecc00000, 0x0000000100000000)
  eden space 25600K, 32% used [0x00000000eab00000,0x00000000eb311f60,0x00000000ec400000)
  from space 4096K, 0% used [0x00000000ec800000,0x00000000ec800000,0x00000000ecc00000)
  to   space 4096K, 0% used [0x00000000ec400000,0x00000000ec400000,0x00000000ec800000)
 ParOldGen       total 68608K, used 0K [0x00000000c0000000, 0x00000000c4300000, 0x00000000eab00000)
  object space 68608K, 0% used [0x00000000c0000000,0x00000000c0000000,0x00000000c4300000)
 Metaspace       used 3211K, capacity 3482K, committed 3584K, reserved 1067008K
  class space    used 309K, capacity 459K, committed 512K, reserved 1048576K
}
Event: 1.323 GC heap after
{Heap after GC invocations=1 (full 0):
 PSYoungGen      total 29696K, used 1938K [0x00000000eab00000, 0x00000000ecc00000, 0x0000000100000000)
  eden space 25600K, 0% used [0x00000000eab00000,0x00000000eab00000,0x00000000ec400000)
  from space 4096K, 47% used [0x00000000ec400000,0x00000000ec5e4b48,0x00000000ec800000)
  to   space 4096K, 0% used [0x00000000ec800000,0x00000000ec800000,0x00000000ecc00000)
 ParOldGen       total 68608K, used 8K [0x00000000c0000000, 0x00000000c4300000, 0x00000000eab00000)
  object space 68608K, 0% used [0x00000000c0000000,0x00000000c0002000,0x00000000c4300000)
 Metaspace       used 3211K, capacity 3482K, committed 3584K, reserved 1067008K
  class space    used 309K, capacity 459K, committed 512K, reserved 1048576K
}
Event: 1.323 GC heap before
{Heap before GC invocations=2 (full 1):
 PSYoungGen      total 29696K, used 1938K [0x00000000eab00000, 0x00000000ecc00000, 0x0000000100000000)
  eden space 25600K, 0% used [0x00000000eab00000,0x00000000eab00000,0x00000000ec400000)
  from space 4096K, 47% used [0x00000000ec400000,0x00000000ec5e4b48,0x00000000ec800000)
  to   space 4096K, 0% used [0x00000000ec800000,0x00000000ec800000,0x00000000ecc00000)
 ParOldGen       total 68608K, used 8K [0x00000000c0000000, 0x00000000c4300000, 0x00000000eab00000)
  object space 68608K, 0% used [0x00000000c0000000,0x00000000c0002000,0x00000000c4300000)
 Metaspace       used 3211K, capacity 3482K, committed 3584K, reserved 1067008K
  class space    used 309K, capacity 459K, committed 512K, reserved 1048576K
}
Event: 1.339 GC heap after
{Heap after GC invocations=2 (full 1):
 PSYoungGen      total 29696K, used 0K [0x00000000eab00000, 0x00000000ecc00000, 0x0000000100000000)
  eden space 25600K, 0% used [0x00000000eab00000,0x00000000eab00000,0x00000000ec400000)
  from space 4096K, 0% used [0x00000000ec400000,0x00000000ec400000,0x00000000ec800000)
  to   space 4096K, 0% used [0x00000000ec800000,0x00000000ec800000,0x00000000ecc00000)
 ParOldGen       total 68608K, used 1895K [0x00000000c0000000, 0x00000000c4300000, 0x00000000eab00000)
  object space 68608K, 2% used [0x00000000c0000000,0x00000000c01d9f48,0x00000000c4300000)
 Metaspace       used 3211K, capacity 3482K, committed 3584K, reserved 1067008K
  class space    used 309K, capacity 459K, committed 512K, reserved 1048576K
}

Deoptimization events (20 events):
Event: 1.156 Thread 0x000001c34385e800 DEOPT PACKING pc=0x000001c34db7b045 sp=0x0000009f210fe9a0
Event: 1.156 Thread 0x000001c34385e800 DEOPT UNPACKING pc=0x000001c34d59964e sp=0x0000009f210fde00 mode 0
Event: 1.159 Thread 0x000001c34385e800 DEOPT PACKING pc=0x000001c34db29bd0 sp=0x0000009f210fe970
Event: 1.160 Thread 0x000001c34385e800 DEOPT UNPACKING pc=0x000001c34d59964e sp=0x0000009f210fddf8 mode 0
Event: 1.163 Thread 0x000001c34385e800 DEOPT PACKING pc=0x000001c34db29bd0 sp=0x0000009f210fe970
Event: 1.163 Thread 0x000001c34385e800 DEOPT UNPACKING pc=0x000001c34d59964e sp=0x0000009f210fddf8 mode 0
Event: 1.312 Thread 0x000001c34385e800 Uncommon trap: trap_request=0xffffff45 fr.pc=0x000001c3550322f0 relative=0x0000000000000130
Event: 1.312 Thread 0x000001c34385e800 Uncommon trap: reason=unstable_if action=reinterpret pc=0x000001c3550322f0 method=java.util.HashMap.getNode(ILjava/lang/Object;)Ljava/util/HashMap$Node; @ 62 c2
Event: 1.312 Thread 0x000001c34385e800 DEOPT PACKING pc=0x000001c3550322f0 sp=0x0000009f210fd410
Event: 1.312 Thread 0x000001c34385e800 DEOPT UNPACKING pc=0x000001c34d59912f sp=0x0000009f210fd380 mode 2
Event: 1.393 Thread 0x000001c34385e800 DEOPT PACKING pc=0x000001c34db8d21a sp=0x0000009f210fdaf0
Event: 1.393 Thread 0x000001c34385e800 DEOPT UNPACKING pc=0x000001c34d59964e sp=0x0000009f210fcf60 mode 0
Event: 1.394 Thread 0x000001c34385e800 DEOPT PACKING pc=0x000001c34db8d21a sp=0x0000009f210fdaf0
Event: 1.394 Thread 0x000001c34385e800 DEOPT UNPACKING pc=0x000001c34d59964e sp=0x0000009f210fcf60 mode 0
Event: 1.395 Thread 0x000001c34385e800 DEOPT PACKING pc=0x000001c34db8d21a sp=0x0000009f210fdaf0
Event: 1.395 Thread 0x000001c34385e800 DEOPT UNPACKING pc=0x000001c34d59964e sp=0x0000009f210fcf60 mode 0
Event: 1.395 Thread 0x000001c34385e800 DEOPT PACKING pc=0x000001c34db8d21a sp=0x0000009f210fdaf0
Event: 1.395 Thread 0x000001c34385e800 DEOPT UNPACKING pc=0x000001c34d59964e sp=0x0000009f210fcf60 mode 0
Event: 1.396 Thread 0x000001c34385e800 DEOPT PACKING pc=0x000001c34db8d21a sp=0x0000009f210fdaf0
Event: 1.396 Thread 0x000001c34385e800 DEOPT UNPACKING pc=0x000001c34d59964e sp=0x0000009f210fcf60 mode 0

Classes unloaded (0 events):
No events

Classes redefined (0 events):
No events

Internal exceptions (6 events):
Event: 1.036 Thread 0x000001c34385e800 Exception <a 'java/lang/ClassNotFoundException'{0x00000000eaeb0150}: sun/net/www/protocol/c/Handler> (0x00000000eaeb0150) 
thrown [t:/workspace/open/src/hotspot/share/classfile/systemDictionary.cpp, line 232]
Event: 1.046 Thread 0x000001c34385e800 Exception <a 'java/io/FileNotFoundException'{0x00000000eaec64d0}> (0x00000000eaec64d0) 
thrown [t:/workspace/open/src/hotspot/share/prims/jni.cpp, line 598]
Event: 1.048 Thread 0x000001c34385e800 Exception <a 'java/io/FileNotFoundException'{0x00000000eaec71a0}> (0x00000000eaec71a0) 
thrown [t:/workspace/open/src/hotspot/share/prims/jni.cpp, line 598]
Event: 1.049 Thread 0x000001c34385e800 Exception <a 'java/io/FileNotFoundException'{0x00000000eaec7e20}> (0x00000000eaec7e20) 
thrown [t:/workspace/open/src/hotspot/share/prims/jni.cpp, line 598]
Event: 1.050 Thread 0x000001c34385e800 Exception <a 'java/io/FileNotFoundException'{0x00000000eaec8ab8}> (0x00000000eaec8ab8) 
thrown [t:/workspace/open/src/hotspot/share/prims/jni.cpp, line 598]
Event: 1.065 Thread 0x000001c34385e800 Exception <a 'java/io/FileNotFoundException'{0x00000000eaee4c58}> (0x00000000eaee4c58) 
thrown [t:/workspace/open/src/hotspot/share/prims/jni.cpp, line 598]

Events (20 events):
Event: 1.356 loading class org/eclipse/osgi/internal/hooks/DevClassLoadingHook done
Event: 1.357 loading class org/eclipse/osgi/framework/util/KeyedElement
Event: 1.357 loading class org/eclipse/osgi/framework/util/KeyedElement done
Event: 1.358 loading class org/eclipse/osgi/internal/hooks/EclipseLazyStarter
Event: 1.358 loading class org/eclipse/osgi/internal/hooks/EclipseLazyStarter done
Event: 1.359 loading class org/eclipse/osgi/internal/weaving/WeavingHookConfigurator
Event: 1.359 loading class org/eclipse/osgi/internal/weaving/WeavingHookConfigurator done
Event: 1.360 loading class org/eclipse/osgi/internal/framework/AliasMapper
Event: 1.360 loading class org/eclipse/osgi/internal/framework/AliasMapper done
Event: 1.361 loading class java/io/Reader
Event: 1.361 loading class java/io/Reader done
Event: 1.361 loading class java/io/InputStreamReader
Event: 1.361 loading class java/io/InputStreamReader done
Event: 1.363 loading class java/net/URLClassLoader$2
Event: 1.363 loading class java/net/URLClassLoader$2 done
Event: 1.371 loading class sun/net/www/protocol/jar/URLJarFile$URLJarFileEntry
Event: 1.371 loading class sun/net/www/protocol/jar/URLJarFile$URLJarFileEntry done
Event: 1.372 loading class sun/net/www/protocol/jar/JarURLConnection$JarURLInputStream
Event: 1.372 loading class sun/net/www/protocol/jar/JarURLConnection$JarURLInputStream done
Event: 1.379 Thread 0x000001c3610b8800 Thread added: 0x000001c3610b8800


Dynamic libraries:
0x00007ff6b4260000 - 0x00007ff6b426f000 	C:\Program Files\Java\jdk-13.0.1\bin\java.exe
0x00007fff2fa80000 - 0x00007fff2fc70000 	C:\WINDOWS\SYSTEM32\ntdll.dll
0x00007fff2f910000 - 0x00007fff2f9c2000 	C:\WINDOWS\System32\KERNEL32.DLL
0x00007fff2d500000 - 0x00007fff2d7a5000 	C:\WINDOWS\System32\KERNELBASE.dll
0x00007fff2d230000 - 0x00007fff2d32a000 	C:\WINDOWS\System32\ucrtbase.dll
0x00007fff1fa50000 - 0x00007fff1fa68000 	C:\Program Files\Java\jdk-13.0.1\bin\jli.dll
0x00007fff1ddd0000 - 0x00007fff1dde5000 	C:\Program Files\Java\jdk-13.0.1\bin\VCRUNTIME140.dll
0x00007fff2e870000 - 0x00007fff2e913000 	C:\WINDOWS\System32\ADVAPI32.dll
0x00007fff2f100000 - 0x00007fff2f19e000 	C:\WINDOWS\System32\msvcrt.dll
0x00007fff2ef50000 - 0x00007fff2efe7000 	C:\WINDOWS\System32\sechost.dll
0x00007fff2e620000 - 0x00007fff2e73f000 	C:\WINDOWS\System32\RPCRT4.dll
0x00007fff2eaf0000 - 0x00007fff2ec84000 	C:\WINDOWS\System32\USER32.dll
0x00007fff2d4d0000 - 0x00007fff2d4f1000 	C:\WINDOWS\System32\win32u.dll
0x00007fff2b6c0000 - 0x00007fff2b944000 	C:\WINDOWS\WinSxS\amd64_microsoft.windows.common-controls_6595b64144ccf1df_6.0.18362.1379_none_9e7ff3b3e45cc0c4\COMCTL32.dll
0x00007fff2ec90000 - 0x00007fff2ecb6000 	C:\WINDOWS\System32\GDI32.dll
0x00007fff2d840000 - 0x00007fff2d9d8000 	C:\WINDOWS\System32\gdi32full.dll
0x00007fff2e2e0000 - 0x00007fff2e617000 	C:\WINDOWS\System32\combase.dll
0x00007fff2d9e0000 - 0x00007fff2da7e000 	C:\WINDOWS\System32\msvcp_win.dll
0x00007fff2d7b0000 - 0x00007fff2d831000 	C:\WINDOWS\System32\bcryptPrimitives.dll
0x00007fff1c9d0000 - 0x00007fff1c9da000 	C:\WINDOWS\SYSTEM32\VERSION.dll
0x00007fff2f0d0000 - 0x00007fff2f0fe000 	C:\WINDOWS\System32\IMM32.DLL
0x00007fff0ba50000 - 0x00007fff0baeb000 	C:\Program Files\Java\jdk-13.0.1\bin\msvcp140.dll
0x00007fff075c0000 - 0x00007fff08126000 	C:\Program Files\Java\jdk-13.0.1\bin\server\jvm.dll
0x00007fff2f9d0000 - 0x00007fff2f9d8000 	C:\WINDOWS\System32\PSAPI.DLL
0x00007fff29cb0000 - 0x00007fff29cd4000 	C:\WINDOWS\SYSTEM32\WINMM.dll
0x00007fff29c80000 - 0x00007fff29cad000 	C:\WINDOWS\SYSTEM32\winmmbase.dll
0x00007fff1fe70000 - 0x00007fff1fe79000 	C:\WINDOWS\SYSTEM32\WSOCK32.dll
0x00007fff2d330000 - 0x00007fff2d37a000 	C:\WINDOWS\System32\cfgmgr32.dll
0x00007fff2ea80000 - 0x00007fff2eaef000 	C:\WINDOWS\System32\WS2_32.dll
0x00007fff2c940000 - 0x00007fff2c951000 	C:\WINDOWS\System32\kernel.appcore.dll
0x00007fff1fb00000 - 0x00007fff1fb10000 	C:\Program Files\Java\jdk-13.0.1\bin\verify.dll
0x00007fff2c1e0000 - 0x00007fff2c3d4000 	C:\WINDOWS\SYSTEM32\DBGHELP.DLL
0x00007fff2c130000 - 0x00007fff2c15a000 	C:\WINDOWS\SYSTEM32\dbgcore.DLL
0x00007fff19aa0000 - 0x00007fff19ac6000 	C:\Program Files\Java\jdk-13.0.1\bin\java.dll
0x00007fff19b50000 - 0x00007fff19b67000 	C:\Program Files\Java\jdk-13.0.1\bin\zip.dll
0x00007fff1fa40000 - 0x00007fff1fa4a000 	C:\Program Files\Java\jdk-13.0.1\bin\jimage.dll
0x00007fff2db30000 - 0x00007fff2e218000 	C:\WINDOWS\System32\SHELL32.dll
0x00007fff2eea0000 - 0x00007fff2ef47000 	C:\WINDOWS\System32\shcore.dll
0x00007fff2ca20000 - 0x00007fff2d19b000 	C:\WINDOWS\System32\windows.storage.dll
0x00007fff2c960000 - 0x00007fff2c983000 	C:\WINDOWS\System32\profapi.dll
0x00007fff2c990000 - 0x00007fff2c9da000 	C:\WINDOWS\System32\powrprof.dll
0x00007fff2c930000 - 0x00007fff2c940000 	C:\WINDOWS\System32\UMPDC.dll
0x00007fff2e810000 - 0x00007fff2e862000 	C:\WINDOWS\System32\shlwapi.dll
0x00007fff2ca00000 - 0x00007fff2ca17000 	C:\WINDOWS\System32\cryptsp.dll
0x00007fff19a80000 - 0x00007fff19a99000 	C:\Program Files\Java\jdk-13.0.1\bin\net.dll
0x00007fff1fc00000 - 0x00007fff1fcf0000 	C:\WINDOWS\SYSTEM32\WINHTTP.dll
0x00007fff2bd40000 - 0x00007fff2bda7000 	C:\WINDOWS\system32\mswsock.dll
0x00007fff199a0000 - 0x00007fff199b3000 	C:\Program Files\Java\jdk-13.0.1\bin\nio.dll

dbghelp: loaded successfully - version: 4.0.5 - missing functions: none
symbol engine: initialized successfully - sym options: 0x614 - pdb path: .;C:\Program Files\Java\jdk-13.0.1\bin;C:\WINDOWS\SYSTEM32;C:\WINDOWS\WinSxS\amd64_microsoft.windows.common-controls_6595b64144ccf1df_6.0.18362.1379_none_9e7ff3b3e45cc0c4;C:\Program Files\Java\jdk-13.0.1\bin\server

VM Arguments:
jvm_args: --add-modules=ALL-SYSTEM --add-opens=java.base/java.util=ALL-UNNAMED --add-opens=java.base/java.lang=ALL-UNNAMED -Declipse.application=org.eclipse.jdt.ls.core.id1 -Dosgi.bundles.defaultStartLevel=4 -Declipse.product=org.eclipse.jdt.ls.core.product -Dfile.encoding=utf8 -DwatchParentProcess=false -XX:+UseParallelGC -XX:GCTimeRatio=4 -XX:AdaptiveSizePolicyWeight=90 -Dsun.zip.disableMemoryMapping=true -Xmx1G -Xms100m 
java_command: c:\Users\Admin\.vscode\extensions\redhat.java-0.79.2\server\plugins\org.eclipse.equinox.launcher_1.6.100.v20201223-0822.jar -configuration c:\Users\Admin\AppData\Roaming\Code\User\globalStorage\redhat.java\0.79.2\config_win -data c:\Users\Admin\AppData\Roaming\Code\User\workspaceStorage\c3e96b8b3617a5b3110e6d2a1b780721\redhat.java\jdt_ws
java_class_path (initial): c:\Users\Admin\.vscode\extensions\redhat.java-0.79.2\server\plugins\org.eclipse.equinox.launcher_1.6.100.v20201223-0822.jar
Launcher Type: SUN_STANDARD

[Global flags]
    uintx AdaptiveSizePolicyWeight                 = 90                                        {product} {command line}
     intx CICompilerCount                          = 3                                         {product} {ergonomic}
    uintx GCTimeRatio                              = 4                                         {product} {command line}
   size_t InitialHeapSize                          = 104857600                                 {product} {command line}
   size_t MaxHeapSize                              = 1073741824                                {product} {command line}
   size_t MaxNewSize                               = 357564416                                 {product} {ergonomic}
   size_t MinHeapDeltaBytes                        = 524288                                    {product} {ergonomic}
   size_t MinHeapSize                              = 104857600                                 {product} {command line}
   size_t NewSize                                  = 34603008                                  {product} {ergonomic}
    uintx NonNMethodCodeHeapSize                   = 5830732                                {pd product} {ergonomic}
    uintx NonProfiledCodeHeapSize                  = 122913754                              {pd product} {ergonomic}
   size_t OldSize                                  = 70254592                                  {product} {ergonomic}
    uintx ProfiledCodeHeapSize                     = 122913754                              {pd product} {ergonomic}
    uintx ReservedCodeCacheSize                    = 251658240                              {pd product} {ergonomic}
     bool SegmentedCodeCache                       = true                                      {product} {ergonomic}
   size_t SoftMaxHeapSize                          = 1073741824                             {manageable} {ergonomic}
     bool UseCompressedClassPointers               = true                                 {lp64_product} {ergonomic}
     bool UseCompressedOops                        = true                                 {lp64_product} {ergonomic}
     bool UseLargePagesIndividualAllocation        = false                                  {pd product} {ergonomic}
     bool UseParallelGC                            = true                                      {product} {command line}

Logging:
Log output configuration:
 #0: stdout all=warning uptime,level,tags
 #1: stderr all=off uptime,level,tags

Environment Variables:
JAVA_HOME=C:\Program Files\Java\jdk-13.0.1
CLASSPATH=C:\Program Files (x86)\Java\jre1.8.0_231\lib;C:\Users\Admin\Desktop\elk;
PATH=C:\Program Files (x86)\Common Files\Oracle\Java\javapath;C:\ProgramData\Oracle\Java\javapath;C:\WINDOWS\system32;C:\WINDOWS;C:\WINDOWS\System32\Wbem;C:\WINDOWS\System32\WindowsPowerShell\v1.0\;C:\WINDOWS\System32\OpenSSH\;C:\Program Files\Java\jdk-13.0.1;C:\Program Files (x86)\Java\jre1.8.0_131\bin;C:\Program Files (x86)\Java\jdk1.8.0_131\bin;C:\Program Files (x86)\Java\jre1.8.0_131\lib;C:\Users\Admin\Desktop\elk;C:\Users\Admin\AppData\Local\Microsoft\WindowsApps;;C:\Users\Admin\AppData\Local\Programs\Microsoft VS Code\bin
USERNAME=Admin
OS=Windows_NT
PROCESSOR_IDENTIFIER=Intel64 Family 6 Model 42 Stepping 7, GenuineIntel



---------------  S Y S T E M  ---------------

OS: Windows 10 , 64 bit Build 18362 (10.0.18362.1350)

CPU:total 4 (initial active 4) (2 cores per cpu, 2 threads per core) family 6 model 42 stepping 7, cmov, cx8, fxsr, mmx, sse, sse2, sse3, ssse3, sse4.1, sse4.2, popcnt, avx, clmul, ht, tsc, tscinvbit

Memory: 4k page, system-wide physical 4039M (539M free)
TotalPageFile size 14554M (AvailPageFile size 1M)
current process WorkingSet (physical memory assigned to process): 49M, peak: 49M
current process commit charge ("private bytes"): 185M, peak: 185M

vm_info: Java HotSpot(TM) 64-Bit Server VM (13.0.1+9) for windows-amd64 JRE (13.0.1+9), built on Oct  6 2019 12:37:49 by "mach5one" with unknown MS VC++:1916

END.
